Running DLPOLY in /gpfs/home1/dniessink/garnets/data/sim_densvar_short/run_1...
Running DLPOLY in /gpfs/home1/dniessink/garnets/data/sim_densvar_short/run_2...
Running DLPOLY in /gpfs/home1/dniessink/garnets/data/sim_densvar_short/run_3...
Running DLPOLY in /gpfs/home1/dniessink/garnets/data/sim_densvar_short/run_4...
Running DLPOLY in /gpfs/home1/dniessink/garnets/data/sim_densvar_short/run_5...
Running DLPOLY in /gpfs/home1/dniessink/garnets/data/sim_densvar_short/run_6...
Running DLPOLY in /gpfs/home1/dniessink/garnets/data/sim_densvar_short/run_7...
Running DLPOLY in /gpfs/home1/dniessink/garnets/data/sim_densvar_short/run_8...
Running DLPOLY in /gpfs/home1/dniessink/garnets/data/sim_densvar_short/run_9...
Running DLPOLY in /gpfs/home1/dniessink/garnets/data/sim_densvar_short/run_10...
Note: The following floating-point exceptions are signalling: IEEE_DIVIDE_BY_ZERO IEEE_UNDERFLOW_FLAG
Note: The following floating-point exceptions are signalling: IEEE_DIVIDE_BY_ZERO IEEE_UNDERFLOW_FLAG
Note: The following floating-point exceptions are signalling: IEEE_DIVIDE_BY_ZERO IEEE_UNDERFLOW_FLAG
Note: The following floating-point exceptions are signalling: IEEE_DIVIDE_BY_ZERO IEEE_UNDERFLOW_FLAG
Note: The following floating-point exceptions are signalling: IEEE_DIVIDE_BY_ZERO IEEE_UNDERFLOW_FLAG
Note: The following floating-point exceptions are signalling: IEEE_DIVIDE_BY_ZERO IEEE_UNDERFLOW_FLAG
Note: The following floating-point exceptions are signalling: IEEE_DIVIDE_BY_ZERO IEEE_UNDERFLOW_FLAG
All DL_POLY runs finished

JOB STATISTICS
==============
Job ID: 6662749
Cluster: snellius
User/Group: dniessink/dniessink
State: COMPLETED (exit code 0)
Nodes: 1
Cores per node: 16
CPU Utilized: 09:35:37
CPU Efficiency: 25.51% of 1-13:36:32 core-walltime
Job Wall-clock time: 02:21:02
Memory Utilized: 61.97 MB
Memory Efficiency: 0.10% of 60.00 GB
