Running DLPOLY in /gpfs/home1/dniessink/garnets/data/sim_densvar_short/run_1...
Running DLPOLY in /gpfs/home1/dniessink/garnets/data/sim_densvar_short/run_2...
Running DLPOLY in /gpfs/home1/dniessink/garnets/data/sim_densvar_short/run_3...
Running DLPOLY in /gpfs/home1/dniessink/garnets/data/sim_densvar_short/run_4...
Running DLPOLY in /gpfs/home1/dniessink/garnets/data/sim_densvar_short/run_5...
Running DLPOLY in /gpfs/home1/dniessink/garnets/data/sim_densvar_short/run_6...
Running DLPOLY in /gpfs/home1/dniessink/garnets/data/sim_densvar_short/run_7...
Running DLPOLY in /gpfs/home1/dniessink/garnets/data/sim_densvar_short/run_8...
Running DLPOLY in /gpfs/home1/dniessink/garnets/data/sim_densvar_short/run_9...
Running DLPOLY in /gpfs/home1/dniessink/garnets/data/sim_densvar_short/run_10...
slurmstepd: error: unable to open '/proc/233601/cgroup' for reading : No such file or directory
slurmstepd: error: unable to open '/proc/940739/cgroup' for reading : No such file or directory
slurmstepd: error: *** JOB 6656573 ON tcn49 CANCELLED AT 2024-06-17T15:21:24 DUE TO TIME LIMIT ***
srun: Job step aborted: Waiting up to 32 seconds for job step to finish.
srun: Job step aborted: Waiting up to 32 seconds for job step to finish.
srun: Job step aborted: Waiting up to 32 seconds for job step to finish.
srun: Job step aborted: Waiting up to 32 seconds for job step to finish.
srun: Job step aborted: Waiting up to 32 seconds for job step to finish.
srun: Job step aborted: Waiting up to 32 seconds for job step to finish.
srun: Job step aborted: Waiting up to 32 seconds for job step to finish.
srun: Job step aborted: Waiting up to 32 seconds for job step to finish.
srun: Job step aborted: Waiting up to 32 seconds for job step to finish.
srun: Job step aborted: Waiting up to 32 seconds for job step to finish.
slurmstepd: error: *** STEP 6656573.0 ON tcn49 CANCELLED AT 2024-06-17T15:21:24 DUE TO TIME LIMIT ***
slurmstepd: error: *** STEP 6656573.1 ON tcn49 CANCELLED AT 2024-06-17T15:21:24 DUE TO TIME LIMIT ***
slurmstepd: error: *** STEP 6656573.2 ON tcn49 CANCELLED AT 2024-06-17T15:21:24 DUE TO TIME LIMIT ***
slurmstepd: error: *** STEP 6656573.3 ON tcn49 CANCELLED AT 2024-06-17T15:21:24 DUE TO TIME LIMIT ***
slurmstepd: error: *** STEP 6656573.4 ON tcn49 CANCELLED AT 2024-06-17T15:21:24 DUE TO TIME LIMIT ***
slurmstepd: error: *** STEP 6656573.5 ON tcn49 CANCELLED AT 2024-06-17T15:21:24 DUE TO TIME LIMIT ***
slurmstepd: error: *** STEP 6656573.6 ON tcn49 CANCELLED AT 2024-06-17T15:21:24 DUE TO TIME LIMIT ***
slurmstepd: error: *** STEP 6656573.7 ON tcn49 CANCELLED AT 2024-06-17T15:21:24 DUE TO TIME LIMIT ***
slurmstepd: error: *** STEP 6656573.8 ON tcn49 CANCELLED AT 2024-06-17T15:21:24 DUE TO TIME LIMIT ***
slurmstepd: error: *** STEP 6656573.9 ON tcn49 CANCELLED AT 2024-06-17T15:21:24 DUE TO TIME LIMIT ***
slurmstepd: error: container_p_join: open failed for /slurm/6656573/.ns: No such file or directory
slurmstepd: error: container_g_join(6656573): No such file or directory
srun: error: tcn49: task 0: Terminated
srun: Terminating StepId=6656573.0
slurmstepd: error: container_p_join: open failed for /slurm/6656573/.ns: No such file or directory
slurmstepd: error: container_g_join(6656573): No such file or directory
srun: error: tcn49: task 0: Terminated
srun: Terminating StepId=6656573.1
slurmstepd: error: container_p_join: open failed for /slurm/6656573/.ns: No such file or directory
slurmstepd: error: container_g_join(6656573): No such file or directory
srun: error: tcn49: task 0: Terminated
srun: Terminating StepId=6656573.2
slurmstepd: error: container_p_join: open failed for /slurm/6656573/.ns: No such file or directory
slurmstepd: error: container_g_join(6656573): No such file or directory
srun: error: tcn49: task 0: Terminated
srun: Terminating StepId=6656573.3
slurmstepd: error: container_p_join: open failed for /slurm/6656573/.ns: No such file or directory
slurmstepd: error: container_g_join(6656573): No such file or directory
srun: error: tcn49: task 0: Terminated
srun: Terminating StepId=6656573.4
slurmstepd: error: container_p_join: open failed for /slurm/6656573/.ns: No such file or directory
slurmstepd: error: container_g_join(6656573): No such file or directory
srun: error: tcn49: task 0: Terminated
srun: Terminating StepId=6656573.5
slurmstepd: error: container_p_join: open failed for /slurm/6656573/.ns: No such file or directory
slurmstepd: error: container_g_join(6656573): No such file or directory
srun: error: tcn49: task 0: Terminated
srun: Terminating StepId=6656573.6
slurmstepd: error: container_p_join: open failed for /slurm/6656573/.ns: No such file or directory
slurmstepd: error: container_g_join(6656573): No such file or directory
srun: error: tcn49: task 0: Terminated
srun: Terminating StepId=6656573.7
slurmstepd: error: container_p_join: open failed for /slurm/6656573/.ns: No such file or directory
slurmstepd: error: container_g_join(6656573): No such file or directory
srun: error: tcn49: task 0: Terminated
srun: Terminating StepId=6656573.8
slurmstepd: error: container_p_join: open failed for /slurm/6656573/.ns: No such file or directory
slurmstepd: error: container_g_join(6656573): No such file or directory

JOB STATISTICS
==============
Job ID: 6656573
Cluster: snellius
User/Group: dniessink/dniessink
State: TIMEOUT (exit code 0)
Nodes: 1
Cores per node: 16
CPU Utilized: 2-01:37:25
CPU Efficiency: 61.93% of 3-08:07:28 core-walltime
Job Wall-clock time: 05:00:28
Memory Utilized: 213.76 MB
Memory Efficiency: 0.35% of 60.00 GB
