Running DLPOLY in /gpfs/home1/dniessink/garnets/data/sim_densvar_3/run_1...
Running DLPOLY in /gpfs/home1/dniessink/garnets/data/sim_densvar_3/run_2...
Running DLPOLY in /gpfs/home1/dniessink/garnets/data/sim_densvar_3/run_3...
Running DLPOLY in /gpfs/home1/dniessink/garnets/data/sim_densvar_3/run_4...
Running DLPOLY in /gpfs/home1/dniessink/garnets/data/sim_densvar_3/run_5...
Running DLPOLY in /gpfs/home1/dniessink/garnets/data/sim_densvar_3/run_6...
Running DLPOLY in /gpfs/home1/dniessink/garnets/data/sim_densvar_3/run_7...
Running DLPOLY in /gpfs/home1/dniessink/garnets/data/sim_densvar_3/run_8...
Running DLPOLY in /gpfs/home1/dniessink/garnets/data/sim_densvar_3/run_9...
Running DLPOLY in /gpfs/home1/dniessink/garnets/data/sim_densvar_3/run_10...
slurmstepd: error: unable to open '/proc/4088777/cgroup' for reading : No such file or directory
Note: The following floating-point exceptions are signalling: IEEE_DIVIDE_BY_ZERO IEEE_UNDERFLOW_FLAG
Note: The following floating-point exceptions are signalling: IEEE_DIVIDE_BY_ZERO IEEE_UNDERFLOW_FLAG
srun: Job step aborted: Waiting up to 32 seconds for job step to finish.
srun: Job step aborted: Waiting up to 32 seconds for job step to finish.
slurmstepd: error: *** STEP 6648218.7 ON tcn235 CANCELLED AT 2024-06-17T05:04:01 DUE TO TIME LIMIT ***
slurmstepd: error: *** JOB 6648218 ON tcn235 CANCELLED AT 2024-06-17T05:04:01 DUE TO TIME LIMIT ***
slurmstepd: error: *** STEP 6648218.9 ON tcn235 CANCELLED AT 2024-06-17T05:04:01 DUE TO TIME LIMIT ***
slurmstepd: error: container_p_join: open failed for /slurm/6648218/.ns: No such file or directory
slurmstepd: error: container_g_join(6648218): No such file or directory
srun: error: tcn235: task 0: Terminated
srun: Terminating StepId=6648218.7
slurmstepd: error: container_p_join: open failed for /slurm/6648218/.ns: No such file or directory
slurmstepd: error: container_g_join(6648218): No such file or directory
slurmstepd: error: container_p_join: open failed for /slurm/6648218/.ns: No such file or directory
slurmstepd: error: container_g_join(6648218): No such file or directory

JOB STATISTICS
==============
Job ID: 6648218
Cluster: snellius
User/Group: dniessink/dniessink
State: TIMEOUT (exit code 0)
Nodes: 1
Cores per node: 16
CPU Utilized: 5-15:37:08
CPU Efficiency: 42.38% of 13-08:00:48 core-walltime
Job Wall-clock time: 20:00:03
Memory Utilized: 227.43 MB
Memory Efficiency: 0.37% of 60.00 GB
