Running DLPOLY in /gpfs/home1/dniessink/garnets/sim/run_1...
Running DLPOLY in /gpfs/home1/dniessink/garnets/sim/run_2...
Running DLPOLY in /gpfs/home1/dniessink/garnets/sim/run_3...
Running DLPOLY in /gpfs/home1/dniessink/garnets/sim/run_4...
Running DLPOLY in /gpfs/home1/dniessink/garnets/sim/run_5...
Running DLPOLY in /gpfs/home1/dniessink/garnets/sim/run_6...
Running DLPOLY in /gpfs/home1/dniessink/garnets/sim/run_7...
Running DLPOLY in /gpfs/home1/dniessink/garnets/sim/run_8...
Running DLPOLY in /gpfs/home1/dniessink/garnets/sim/run_9...
Running DLPOLY in /gpfs/home1/dniessink/garnets/sim/run_10...
slurmstepd: error: unable to open '/proc/375569/cgroup' for reading : No such file or directory
Note: The following floating-point exceptions are signalling: IEEE_UNDERFLOW_FLAG
All DL_POLY runs finished

JOB STATISTICS
==============
Job ID: 6617234
Cluster: snellius
User/Group: dniessink/dniessink
State: COMPLETED (exit code 0)
Nodes: 1
Cores per node: 16
CPU Utilized: 12:57:37
CPU Efficiency: 50.98% of 1-01:25:20 core-walltime
Job Wall-clock time: 01:35:20
Memory Utilized: 69.84 MB
Memory Efficiency: 0.11% of 60.00 GB
