Running DLPOLY in /gpfs/home1/dniessink/garnets/data/sim_densvar_4/run_1...
Running DLPOLY in /gpfs/home1/dniessink/garnets/data/sim_densvar_4/run_2...
Running DLPOLY in /gpfs/home1/dniessink/garnets/data/sim_densvar_4/run_3...
Running DLPOLY in /gpfs/home1/dniessink/garnets/data/sim_densvar_4/run_4...
Running DLPOLY in /gpfs/home1/dniessink/garnets/data/sim_densvar_4/run_5...
Running DLPOLY in /gpfs/home1/dniessink/garnets/data/sim_densvar_4/run_6...
Running DLPOLY in /gpfs/home1/dniessink/garnets/data/sim_densvar_4/run_7...
Running DLPOLY in /gpfs/home1/dniessink/garnets/data/sim_densvar_4/run_8...
Running DLPOLY in /gpfs/home1/dniessink/garnets/data/sim_densvar_4/run_9...
Running DLPOLY in /gpfs/home1/dniessink/garnets/data/sim_densvar_4/run_10...
slurmstepd: error: unable to open '/proc/3268033/cgroup' for reading : No such file or directory
Note: The following floating-point exceptions are signalling: IEEE_DIVIDE_BY_ZERO IEEE_UNDERFLOW_FLAG
Note: The following floating-point exceptions are signalling: IEEE_DIVIDE_BY_ZERO IEEE_UNDERFLOW_FLAG
srun: Job step aborted: Waiting up to 32 seconds for job step to finish.
srun: Job step aborted: Waiting up to 32 seconds for job step to finish.
slurmstepd: error: *** STEP 6648221.7 ON tcn238 CANCELLED AT 2024-06-17T05:04:31 DUE TO TIME LIMIT ***
slurmstepd: error: *** STEP 6648221.9 ON tcn238 CANCELLED AT 2024-06-17T05:04:31 DUE TO TIME LIMIT ***
slurmstepd: error: *** JOB 6648221 ON tcn238 CANCELLED AT 2024-06-17T05:04:31 DUE TO TIME LIMIT ***
srun: error: tcn238: task 0: Terminated
srun: Terminating StepId=6648221.7
slurmstepd: error: container_p_join: setns failed for /slurm/6648221/.ns: Invalid argument
slurmstepd: error: container_g_join(6648221): Invalid argument

JOB STATISTICS
==============
Job ID: 6648221
Cluster: snellius
User/Group: dniessink/dniessink
State: TIMEOUT (exit code 0)
Nodes: 1
Cores per node: 16
CPU Utilized: 5-15:29:10
CPU Efficiency: 42.34% of 13-08:00:48 core-walltime
Job Wall-clock time: 20:00:03
Memory Utilized: 226.89 MB
Memory Efficiency: 0.37% of 60.00 GB
