The system is: Linux - 4.18.0-372.57.1.el8_6.x86_64 - x86_64
Compiling the Fortran compiler identification source file "CMakeFortranCompilerId.F" succeeded.
Compiler: /sw/arch/RHEL8/EB_production/2023/software/GCCcore/12.3.0/bin/f95 
Build flags: -O3
Id flags: -v 

The output was:
0
Driving: /sw/arch/RHEL8/EB_production/2023/software/GCCcore/12.3.0/bin/f95 -O3 -v CMakeFortranCompilerId.F -l gfortran -l m -shared-libgcc
Using built-in specs.
COLLECT_GCC=/sw/arch/RHEL8/EB_production/2023/software/GCCcore/12.3.0/bin/f95
COLLECT_LTO_WRAPPER=/gpfs/admin/_hpc/sw/arch/AMD-ZEN2/RHEL8/EB_production/2023/software/GCCcore/12.3.0/bin/../libexec/gcc/x86_64-pc-linux-gnu/12.3.0/lto-wrapper
OFFLOAD_TARGET_NAMES=nvptx-none
Target: x86_64-pc-linux-gnu
Configured with: ../configure --enable-languages=c,c++,fortran --without-cuda-driver --enable-offload-targets=nvptx-none --enable-lto --enable-checking=release --disable-multilib --enable-shared=yes --enable-static=yes --enable-threads=posix --enable-plugins --enable-gold --enable-ld=default --prefix=/sw/arch/RHEL8/EB_production/2023/software/GCCcore/12.3.0 --with-local-prefix=/sw/arch/RHEL8/EB_production/2023/software/GCCcore/12.3.0 --enable-bootstrap --with-isl=/tmp/jenkins/build/GCCcore/12.3.0/system-system/gcc-12.3.0/stage2_stuff --build=x86_64-pc-linux-gnu --host=x86_64-pc-linux-gnu
Thread model: posix
Supported LTO compression algorithms: zlib zstd
gcc version 12.3.0 (GCC) 
COLLECT_GCC_OPTIONS='-O3' '-v' '-shared-libgcc' '-mtune=generic' '-march=x86-64' '-dumpdir' 'a-'
 /gpfs/admin/_hpc/sw/arch/AMD-ZEN2/RHEL8/EB_production/2023/software/GCCcore/12.3.0/bin/../libexec/gcc/x86_64-pc-linux-gnu/12.3.0/f951 CMakeFortranCompilerId.F -ffixed-form -cpp=/scratch-local/dniessink/ccnfb2W1.f90 -quiet -v -iprefix /gpfs/admin/_hpc/sw/arch/AMD-ZEN2/RHEL8/EB_production/2023/software/GCCcore/12.3.0/bin/../lib/gcc/x86_64-pc-linux-gnu/12.3.0/ CMakeFortranCompilerId.F -quiet -dumpdir a- -dumpbase CMakeFortranCompilerId.F -dumpbase-ext .F -mtune=generic -march=x86-64 -O3 -version -fintrinsic-modules-path /gpfs/admin/_hpc/sw/arch/AMD-ZEN2/RHEL8/EB_production/2023/software/GCCcore/12.3.0/bin/../lib/gcc/x86_64-pc-linux-gnu/12.3.0/finclude -fpre-include=/usr/include/finclude/math-vector-fortran.h -o /scratch-local/dniessink/ccq5wf5H.s
GNU Fortran (GCC) version 12.3.0 (x86_64-pc-linux-gnu)
	compiled by GNU C version 12.3.0, GMP version 6.2.1, MPFR version 4.2.0, MPC version 1.3.1, isl version isl-0.26-GMP

GGC heuristics: --param ggc-min-expand=100 --param ggc-min-heapsize=131072
ignoring nonexistent directory "/gpfs/admin/_hpc/sw/arch/AMD-ZEN2/RHEL8/EB_production/2023/software/GCCcore/12.3.0/bin/../lib/gcc/x86_64-pc-linux-gnu/12.3.0/include-fixed"
ignoring nonexistent directory "/gpfs/admin/_hpc/sw/arch/AMD-ZEN2/RHEL8/EB_production/2023/software/GCCcore/12.3.0/bin/../lib/gcc/x86_64-pc-linux-gnu/12.3.0/../../../../x86_64-pc-linux-gnu/include"
ignoring duplicate directory "/gpfs/admin/_hpc/sw/arch/AMD-ZEN2/RHEL8/EB_production/2023/software/GCCcore/12.3.0/bin/../lib/gcc/../../lib/gcc/x86_64-pc-linux-gnu/12.3.0/include"
ignoring nonexistent directory "/gpfs/admin/_hpc/sw/arch/AMD-ZEN2/RHEL8/EB_production/2023/software/GCCcore/12.3.0/bin/../lib/gcc/../../lib/gcc/x86_64-pc-linux-gnu/12.3.0/include-fixed"
ignoring nonexistent directory "/gpfs/admin/_hpc/sw/arch/AMD-ZEN2/RHEL8/EB_production/2023/software/GCCcore/12.3.0/bin/../lib/gcc/../../lib/gcc/x86_64-pc-linux-gnu/12.3.0/../../../../x86_64-pc-linux-gnu/include"
#include "..." search starts here:
#include <...> search starts here:
 /gpfs/admin/_hpc/sw/arch/AMD-ZEN2/RHEL8/EB_production/2023/software/GCCcore/12.3.0/bin/../lib/gcc/x86_64-pc-linux-gnu/12.3.0/finclude
 /sw/arch/RHEL8/EB_production/2023/software/OpenMPI/4.1.5-GCC-12.3.0/include
 /sw/arch/RHEL8/EB_production/2023/software/UCC/1.2.0-GCCcore-12.3.0/include
 /sw/arch/RHEL8/EB_production/2023/software/libfabric/1.18.0-GCCcore-12.3.0/include
 /sw/arch/RHEL8/EB_production/2023/software/UCX/1.14.1-GCCcore-12.3.0/include
 /sw/arch/RHEL8/EB_production/2023/software/libevent/2.1.12-GCCcore-12.3.0/include
 /sw/arch/RHEL8/EB_production/2022/software/OpenSSL/1.1/include
 /sw/arch/RHEL8/EB_production/2023/software/hwloc/2.9.1-GCCcore-12.3.0/include
 /sw/arch/RHEL8/EB_production/2023/software/libpciaccess/0.17-GCCcore-12.3.0/include
 /sw/arch/RHEL8/EB_production/2023/software/libxml2/2.11.4-GCCcore-12.3.0/include/libxml2
 /sw/arch/RHEL8/EB_production/2023/software/libxml2/2.11.4-GCCcore-12.3.0/include
 /sw/arch/RHEL8/EB_production/2023/software/XZ/5.4.2-GCCcore-12.3.0/include
 /sw/arch/RHEL8/EB_production/2023/software/numactl/2.0.16-GCCcore-12.3.0/include
 /sw/arch/RHEL8/EB_production/2023/software/binutils/2.40-GCCcore-12.3.0/include
 /sw/arch/RHEL8/EB_production/2023/software/zlib/1.2.13-GCCcore-12.3.0/include
 /gpfs/admin/_hpc/sw/arch/AMD-ZEN2/RHEL8/EB_production/2023/software/GCCcore/12.3.0/bin/../lib/gcc/x86_64-pc-linux-gnu/12.3.0/include
 /sw/arch/RHEL8/EB_production/2023/software/GCCcore/12.3.0/include
 /usr/include
End of search list.
GNU Fortran2008 (GCC) version 12.3.0 (x86_64-pc-linux-gnu)
	compiled by GNU C version 12.3.0, GMP version 6.2.1, MPFR version 4.2.0, MPC version 1.3.1, isl version isl-0.26-GMP

GGC heuristics: --param ggc-min-expand=100 --param ggc-min-heapsize=131072
COLLECT_GCC_OPTIONS='-O3' '-v' '-shared-libgcc' '-mtune=generic' '-march=x86-64' '-dumpdir' 'a-'
 as -v --64 -o /scratch-local/dniessink/ccfq1s7Z.o /scratch-local/dniessink/ccq5wf5H.s
GNU assembler version 2.40 (x86_64-pc-linux-gnu) using BFD version (GNU Binutils) 2.40
Reading specs from /gpfs/admin/_hpc/sw/arch/AMD-ZEN2/RHEL8/EB_production/2023/software/GCCcore/12.3.0/bin/../lib/gcc/x86_64-pc-linux-gnu/12.3.0/../../../../lib64/libgfortran.spec
rename spec lib to liborig
COLLECT_GCC_OPTIONS='-O3' '-v' '-shared-libgcc' '-mtune=generic' '-march=x86-64' '-dumpdir' 'a-'
COMPILER_PATH=/gpfs/admin/_hpc/sw/arch/AMD-ZEN2/RHEL8/EB_production/2023/software/GCCcore/12.3.0/bin/../libexec/gcc/x86_64-pc-linux-gnu/12.3.0/:/gpfs/admin/_hpc/sw/arch/AMD-ZEN2/RHEL8/EB_production/2023/software/GCCcore/12.3.0/bin/../libexec/gcc/
LIBRARY_PATH=/gpfs/admin/_hpc/sw/arch/AMD-ZEN2/RHEL8/EB_production/2023/software/GCCcore/12.3.0/bin/../lib/gcc/x86_64-pc-linux-gnu/12.3.0/:/gpfs/admin/_hpc/sw/arch/AMD-ZEN2/RHEL8/EB_production/2023/software/GCCcore/12.3.0/bin/../lib/gcc/:/sw/arch/RHEL8/EB_production/2023/software/OpenMPI/4.1.5-GCC-12.3.0/lib/../lib64/:/sw/arch/RHEL8/EB_production/2023/software/UCC/1.2.0-GCCcore-12.3.0/lib/../lib64/:/sw/arch/RHEL8/EB_production/2023/software/libfabric/1.18.0-GCCcore-12.3.0/lib/../lib64/:/sw/arch/RHEL8/EB_production/2023/software/UCX/1.14.1-GCCcore-12.3.0/lib/../lib64/:/sw/arch/RHEL8/EB_production/2023/software/libevent/2.1.12-GCCcore-12.3.0/lib/../lib64/:/sw/arch/RHEL8/EB_production/2022/software/OpenSSL/1.1/lib/../lib64/:/sw/arch/RHEL8/EB_production/2023/software/hwloc/2.9.1-GCCcore-12.3.0/lib/../lib64/:/sw/arch/RHEL8/EB_production/2023/software/libpciaccess/0.17-GCCcore-12.3.0/lib/../lib64/:/sw/arch/RHEL8/EB_production/2023/software/libxml2/2.11.4-GCCcore-12.3.0/lib/../lib64/:/sw/arch/RHEL8/EB_production/2023/software/XZ/5.4.2-GCCcore-12.3.0/lib/../lib64/:/sw/arch/RHEL8/EB_production/2023/software/numactl/2.0.16-GCCcore-12.3.0/lib/../lib64/:/sw/arch/RHEL8/EB_production/2023/software/binutils/2.40-GCCcore-12.3.0/lib/../lib64/:/sw/arch/RHEL8/EB_production/2023/software/zlib/1.2.13-GCCcore-12.3.0/lib/../lib64/:/gpfs/admin/_hpc/sw/arch/AMD-ZEN2/RHEL8/EB_production/2023/software/GCCcore/12.3.0/bin/../lib/gcc/x86_64-pc-linux-gnu/12.3.0/../../../../lib64/:/lib/../lib64/:/usr/lib/../lib64/:/sw/arch/RHEL8/EB_production/2023/software/OpenMPI/4.1.5-GCC-12.3.0/lib/:/sw/arch/RHEL8/EB_production/2023/software/UCC/1.2.0-GCCcore-12.3.0/lib/:/sw/arch/RHEL8/EB_production/2023/software/libfabric/1.18.0-GCCcore-12.3.0/lib/:/sw/arch/RHEL8/EB_production/2023/software/UCX/1.14.1-GCCcore-12.3.0/lib/:/sw/arch/RHEL8/EB_production/2023/software/libevent/2.1.12-GCCcore-12.3.0/lib/:/sw/arch/RHEL8/EB_production/2022/software/OpenSSL/1.1/lib/:/sw/arch/RHEL8/EB_production/2023/software/hwloc/2.9.1-GCCcore-12.3.0/lib/:/sw/arch/RHEL8/EB_production/2023/software/libpciaccess/0.17-GCCcore-12.3.0/lib/:/sw/arch/RHEL8/EB_production/2023/software/libxml2/2.11.4-GCCcore-12.3.0/lib/:/sw/arch/RHEL8/EB_production/2023/software/XZ/5.4.2-GCCcore-12.3.0/lib/:/sw/arch/RHEL8/EB_production/2023/software/numactl/2.0.16-GCCcore-12.3.0/lib/:/sw/arch/RHEL8/EB_production/2023/software/binutils/2.40-GCCcore-12.3.0/lib/:/sw/arch/RHEL8/EB_production/2023/software/zlib/1.2.13-GCCcore-12.3.0/lib/:/gpfs/admin/_hpc/sw/arch/AMD-ZEN2/RHEL8/EB_production/2023/software/GCCcore/12.3.0/bin/../lib/gcc/x86_64-pc-linux-gnu/12.3.0/../../../:/lib/:/usr/lib/
COLLECT_GCC_OPTIONS='-O3' '-v' '-shared-libgcc' '-mtune=generic' '-march=x86-64' '-dumpdir' 'a.'
 /gpfs/admin/_hpc/sw/arch/AMD-ZEN2/RHEL8/EB_production/2023/software/GCCcore/12.3.0/bin/../libexec/gcc/x86_64-pc-linux-gnu/12.3.0/collect2 -plugin /gpfs/admin/_hpc/sw/arch/AMD-ZEN2/RHEL8/EB_production/2023/software/GCCcore/12.3.0/bin/../libexec/gcc/x86_64-pc-linux-gnu/12.3.0/liblto_plugin.so -plugin-opt=/gpfs/admin/_hpc/sw/arch/AMD-ZEN2/RHEL8/EB_production/2023/software/GCCcore/12.3.0/bin/../libexec/gcc/x86_64-pc-linux-gnu/12.3.0/lto-wrapper -plugin-opt=-fresolution=/scratch-local/dniessink/ccAD9AKS.res -plugin-opt=-pass-through=-lgcc_s -plugin-opt=-pass-through=-lgcc -plugin-opt=-pass-through=-lquadmath -plugin-opt=-pass-through=-lm -plugin-opt=-pass-through=-lgcc_s -plugin-opt=-pass-through=-lgcc -plugin-opt=-pass-through=-lc -plugin-opt=-pass-through=-lgcc_s -plugin-opt=-pass-through=-lgcc --eh-frame-hdr -m elf_x86_64 -dynamic-linker /lib64/ld-linux-x86-64.so.2 /lib/../lib64/crt1.o /lib/../lib64/crti.o /gpfs/admin/_hpc/sw/arch/AMD-ZEN2/RHEL8/EB_production/2023/software/GCCcore/12.3.0/bin/../lib/gcc/x86_64-pc-linux-gnu/12.3.0/crtbegin.o -L/gpfs/admin/_hpc/sw/arch/AMD-ZEN2/RHEL8/EB_production/2023/software/GCCcore/12.3.0/bin/../lib/gcc/x86_64-pc-linux-gnu/12.3.0 -L/gpfs/admin/_hpc/sw/arch/AMD-ZEN2/RHEL8/EB_production/2023/software/GCCcore/12.3.0/bin/../lib/gcc -L/sw/arch/RHEL8/EB_production/2023/software/OpenMPI/4.1.5-GCC-12.3.0/lib/../lib64 -L/sw/arch/RHEL8/EB_production/2023/software/UCC/1.2.0-GCCcore-12.3.0/lib/../lib64 -L/sw/arch/RHEL8/EB_production/2023/software/libfabric/1.18.0-GCCcore-12.3.0/lib/../lib64 -L/sw/arch/RHEL8/EB_production/2023/software/UCX/1.14.1-GCCcore-12.3.0/lib/../lib64 -L/sw/arch/RHEL8/EB_production/2023/software/libevent/2.1.12-GCCcore-12.3.0/lib/../lib64 -L/sw/arch/RHEL8/EB_production/2022/software/OpenSSL/1.1/lib/../lib64 -L/sw/arch/RHEL8/EB_production/2023/software/hwloc/2.9.1-GCCcore-12.3.0/lib/../lib64 -L/sw/arch/RHEL8/EB_production/2023/software/libpciaccess/0.17-GCCcore-12.3.0/lib/../lib64 -L/sw/arch/RHEL8/EB_production/2023/software/libxml2/2.11.4-GCCcore-12.3.0/lib/../lib64 -L/sw/arch/RHEL8/EB_production/2023/software/XZ/5.4.2-GCCcore-12.3.0/lib/../lib64 -L/sw/arch/RHEL8/EB_production/2023/software/numactl/2.0.16-GCCcore-12.3.0/lib/../lib64 -L/sw/arch/RHEL8/EB_production/2023/software/binutils/2.40-GCCcore-12.3.0/lib/../lib64 -L/sw/arch/RHEL8/EB_production/2023/software/zlib/1.2.13-GCCcore-12.3.0/lib/../lib64 -L/gpfs/admin/_hpc/sw/arch/AMD-ZEN2/RHEL8/EB_production/2023/software/GCCcore/12.3.0/bin/../lib/gcc/x86_64-pc-linux-gnu/12.3.0/../../../../lib64 -L/lib/../lib64 -L/usr/lib/../lib64 -L/sw/arch/RHEL8/EB_production/2023/software/OpenMPI/4.1.5-GCC-12.3.0/lib -L/sw/arch/RHEL8/EB_production/2023/software/UCC/1.2.0-GCCcore-12.3.0/lib -L/sw/arch/RHEL8/EB_production/2023/software/libfabric/1.18.0-GCCcore-12.3.0/lib -L/sw/arch/RHEL8/EB_production/2023/software/UCX/1.14.1-GCCcore-12.3.0/lib -L/sw/arch/RHEL8/EB_production/2023/software/libevent/2.1.12-GCCcore-12.3.0/lib -L/sw/arch/RHEL8/EB_production/2022/software/OpenSSL/1.1/lib -L/sw/arch/RHEL8/EB_production/2023/software/hwloc/2.9.1-GCCcore-12.3.0/lib -L/sw/arch/RHEL8/EB_production/2023/software/libpciaccess/0.17-GCCcore-12.3.0/lib -L/sw/arch/RHEL8/EB_production/2023/software/libxml2/2.11.4-GCCcore-12.3.0/lib -L/sw/arch/RHEL8/EB_production/2023/software/XZ/5.4.2-GCCcore-12.3.0/lib -L/sw/arch/RHEL8/EB_production/2023/software/numactl/2.0.16-GCCcore-12.3.0/lib -L/sw/arch/RHEL8/EB_production/2023/software/binutils/2.40-GCCcore-12.3.0/lib -L/sw/arch/RHEL8/EB_production/2023/software/zlib/1.2.13-GCCcore-12.3.0/lib -L/gpfs/admin/_hpc/sw/arch/AMD-ZEN2/RHEL8/EB_production/2023/software/GCCcore/12.3.0/bin/../lib/gcc/x86_64-pc-linux-gnu/12.3.0/../../.. /scratch-local/dniessink/ccfq1s7Z.o -lgfortran -lm -lgcc_s -lgcc -lquadmath -lm -lgcc_s -lgcc -lc -lgcc_s -lgcc /gpfs/admin/_hpc/sw/arch/AMD-ZEN2/RHEL8/EB_production/2023/software/GCCcore/12.3.0/bin/../lib/gcc/x86_64-pc-linux-gnu/12.3.0/crtend.o /lib/../lib64/crtn.o
COLLECT_GCC_OPTIONS='-O3' '-v' '-shared-libgcc' '-mtune=generic' '-march=x86-64' '-dumpdir' 'a.'


Compilation of the Fortran compiler identification source "CMakeFortranCompilerId.F" produced "a.out"

The Fortran compiler identification is GNU, found in "/home/dniessink/garnets/dl-poly-5.1.0/build-serial/CMakeFiles/3.20.2/CompilerIdFortran/a.out"

Detecting Fortran compiler ABI info compiled with the following output:
Change Dir: /home/dniessink/garnets/dl-poly-5.1.0/build-serial/CMakeFiles/CMakeTmp

Run Build Command(s):/usr/bin/gmake -f Makefile cmTC_b43d9/fast && /usr/bin/gmake  -f CMakeFiles/cmTC_b43d9.dir/build.make CMakeFiles/cmTC_b43d9.dir/build
gmake[1]: Entering directory '/gpfs/home1/dniessink/garnets/dl-poly-5.1.0/build-serial/CMakeFiles/CMakeTmp'
Building Fortran object CMakeFiles/cmTC_b43d9.dir/CMakeFortranCompilerABI.F.o
/sw/arch/RHEL8/EB_production/2023/software/GCCcore/12.3.0/bin/f95   -O3    -v -c /usr/share/cmake/Modules/CMakeFortranCompilerABI.F -o CMakeFiles/cmTC_b43d9.dir/CMakeFortranCompilerABI.F.o
Using built-in specs.
COLLECT_GCC=/sw/arch/RHEL8/EB_production/2023/software/GCCcore/12.3.0/bin/f95
OFFLOAD_TARGET_NAMES=nvptx-none
Target: x86_64-pc-linux-gnu
Configured with: ../configure --enable-languages=c,c++,fortran --without-cuda-driver --enable-offload-targets=nvptx-none --enable-lto --enable-checking=release --disable-multilib --enable-shared=yes --enable-static=yes --enable-threads=posix --enable-plugins --enable-gold --enable-ld=default --prefix=/sw/arch/RHEL8/EB_production/2023/software/GCCcore/12.3.0 --with-local-prefix=/sw/arch/RHEL8/EB_production/2023/software/GCCcore/12.3.0 --enable-bootstrap --with-isl=/tmp/jenkins/build/GCCcore/12.3.0/system-system/gcc-12.3.0/stage2_stuff --build=x86_64-pc-linux-gnu --host=x86_64-pc-linux-gnu
Thread model: posix
Supported LTO compression algorithms: zlib zstd
gcc version 12.3.0 (GCC) 
COLLECT_GCC_OPTIONS='-O3' '-v' '-c' '-o' 'CMakeFiles/cmTC_b43d9.dir/CMakeFortranCompilerABI.F.o' '-mtune=generic' '-march=x86-64' '-dumpdir' 'CMakeFiles/cmTC_b43d9.dir/'
 /gpfs/admin/_hpc/sw/arch/AMD-ZEN2/RHEL8/EB_production/2023/software/GCCcore/12.3.0/bin/../libexec/gcc/x86_64-pc-linux-gnu/12.3.0/f951 /usr/share/cmake/Modules/CMakeFortranCompilerABI.F -ffixed-form -cpp=/scratch-local/dniessink/ccZQBznu.f90 -quiet -v -iprefix /gpfs/admin/_hpc/sw/arch/AMD-ZEN2/RHEL8/EB_production/2023/software/GCCcore/12.3.0/bin/../lib/gcc/x86_64-pc-linux-gnu/12.3.0/ /usr/share/cmake/Modules/CMakeFortranCompilerABI.F -quiet -dumpdir CMakeFiles/cmTC_b43d9.dir/ -dumpbase CMakeFortranCompilerABI.F.F -dumpbase-ext .F -mtune=generic -march=x86-64 -O3 -version -fintrinsic-modules-path /gpfs/admin/_hpc/sw/arch/AMD-ZEN2/RHEL8/EB_production/2023/software/GCCcore/12.3.0/bin/../lib/gcc/x86_64-pc-linux-gnu/12.3.0/finclude -fpre-include=/usr/include/finclude/math-vector-fortran.h -o /scratch-local/dniessink/ccyLSbyQ.s
GNU Fortran (GCC) version 12.3.0 (x86_64-pc-linux-gnu)
	compiled by GNU C version 12.3.0, GMP version 6.2.1, MPFR version 4.2.0, MPC version 1.3.1, isl version isl-0.26-GMP

GGC heuristics: --param ggc-min-expand=100 --param ggc-min-heapsize=131072
ignoring nonexistent directory "/gpfs/admin/_hpc/sw/arch/AMD-ZEN2/RHEL8/EB_production/2023/software/GCCcore/12.3.0/bin/../lib/gcc/x86_64-pc-linux-gnu/12.3.0/include-fixed"
ignoring nonexistent directory "/gpfs/admin/_hpc/sw/arch/AMD-ZEN2/RHEL8/EB_production/2023/software/GCCcore/12.3.0/bin/../lib/gcc/x86_64-pc-linux-gnu/12.3.0/../../../../x86_64-pc-linux-gnu/include"
ignoring duplicate directory "/gpfs/admin/_hpc/sw/arch/AMD-ZEN2/RHEL8/EB_production/2023/software/GCCcore/12.3.0/bin/../lib/gcc/../../lib/gcc/x86_64-pc-linux-gnu/12.3.0/include"
ignoring nonexistent directory "/gpfs/admin/_hpc/sw/arch/AMD-ZEN2/RHEL8/EB_production/2023/software/GCCcore/12.3.0/bin/../lib/gcc/../../lib/gcc/x86_64-pc-linux-gnu/12.3.0/include-fixed"
ignoring nonexistent directory "/gpfs/admin/_hpc/sw/arch/AMD-ZEN2/RHEL8/EB_production/2023/software/GCCcore/12.3.0/bin/../lib/gcc/../../lib/gcc/x86_64-pc-linux-gnu/12.3.0/../../../../x86_64-pc-linux-gnu/include"
#include "..." search starts here:
#include <...> search starts here:
 /gpfs/admin/_hpc/sw/arch/AMD-ZEN2/RHEL8/EB_production/2023/software/GCCcore/12.3.0/bin/../lib/gcc/x86_64-pc-linux-gnu/12.3.0/finclude
 /sw/arch/RHEL8/EB_production/2023/software/OpenMPI/4.1.5-GCC-12.3.0/include
 /sw/arch/RHEL8/EB_production/2023/software/UCC/1.2.0-GCCcore-12.3.0/include
 /sw/arch/RHEL8/EB_production/2023/software/libfabric/1.18.0-GCCcore-12.3.0/include
 /sw/arch/RHEL8/EB_production/2023/software/UCX/1.14.1-GCCcore-12.3.0/include
 /sw/arch/RHEL8/EB_production/2023/software/libevent/2.1.12-GCCcore-12.3.0/include
 /sw/arch/RHEL8/EB_production/2022/software/OpenSSL/1.1/include
 /sw/arch/RHEL8/EB_production/2023/software/hwloc/2.9.1-GCCcore-12.3.0/include
 /sw/arch/RHEL8/EB_production/2023/software/libpciaccess/0.17-GCCcore-12.3.0/include
 /sw/arch/RHEL8/EB_production/2023/software/libxml2/2.11.4-GCCcore-12.3.0/include/libxml2
 /sw/arch/RHEL8/EB_production/2023/software/libxml2/2.11.4-GCCcore-12.3.0/include
 /sw/arch/RHEL8/EB_production/2023/software/XZ/5.4.2-GCCcore-12.3.0/include
 /sw/arch/RHEL8/EB_production/2023/software/numactl/2.0.16-GCCcore-12.3.0/include
 /sw/arch/RHEL8/EB_production/2023/software/binutils/2.40-GCCcore-12.3.0/include
 /sw/arch/RHEL8/EB_production/2023/software/zlib/1.2.13-GCCcore-12.3.0/include
 /gpfs/admin/_hpc/sw/arch/AMD-ZEN2/RHEL8/EB_production/2023/software/GCCcore/12.3.0/bin/../lib/gcc/x86_64-pc-linux-gnu/12.3.0/include
 /sw/arch/RHEL8/EB_production/2023/software/GCCcore/12.3.0/include
 /usr/include
End of search list.
GNU Fortran2008 (GCC) version 12.3.0 (x86_64-pc-linux-gnu)
	compiled by GNU C version 12.3.0, GMP version 6.2.1, MPFR version 4.2.0, MPC version 1.3.1, isl version isl-0.26-GMP

GGC heuristics: --param ggc-min-expand=100 --param ggc-min-heapsize=131072
COLLECT_GCC_OPTIONS='-O3' '-v' '-c' '-o' 'CMakeFiles/cmTC_b43d9.dir/CMakeFortranCompilerABI.F.o' '-mtune=generic' '-march=x86-64' '-dumpdir' 'CMakeFiles/cmTC_b43d9.dir/'
 as -v --64 -o CMakeFiles/cmTC_b43d9.dir/CMakeFortranCompilerABI.F.o /scratch-local/dniessink/ccyLSbyQ.s
GNU assembler version 2.40 (x86_64-pc-linux-gnu) using BFD version (GNU Binutils) 2.40
COMPILER_PATH=/gpfs/admin/_hpc/sw/arch/AMD-ZEN2/RHEL8/EB_production/2023/software/GCCcore/12.3.0/bin/../libexec/gcc/x86_64-pc-linux-gnu/12.3.0/:/gpfs/admin/_hpc/sw/arch/AMD-ZEN2/RHEL8/EB_production/2023/software/GCCcore/12.3.0/bin/../libexec/gcc/
LIBRARY_PATH=/gpfs/admin/_hpc/sw/arch/AMD-ZEN2/RHEL8/EB_production/2023/software/GCCcore/12.3.0/bin/../lib/gcc/x86_64-pc-linux-gnu/12.3.0/:/gpfs/admin/_hpc/sw/arch/AMD-ZEN2/RHEL8/EB_production/2023/software/GCCcore/12.3.0/bin/../lib/gcc/:/sw/arch/RHEL8/EB_production/2023/software/OpenMPI/4.1.5-GCC-12.3.0/lib/../lib64/:/sw/arch/RHEL8/EB_production/2023/software/UCC/1.2.0-GCCcore-12.3.0/lib/../lib64/:/sw/arch/RHEL8/EB_production/2023/software/libfabric/1.18.0-GCCcore-12.3.0/lib/../lib64/:/sw/arch/RHEL8/EB_production/2023/software/UCX/1.14.1-GCCcore-12.3.0/lib/../lib64/:/sw/arch/RHEL8/EB_production/2023/software/libevent/2.1.12-GCCcore-12.3.0/lib/../lib64/:/sw/arch/RHEL8/EB_production/2022/software/OpenSSL/1.1/lib/../lib64/:/sw/arch/RHEL8/EB_production/2023/software/hwloc/2.9.1-GCCcore-12.3.0/lib/../lib64/:/sw/arch/RHEL8/EB_production/2023/software/libpciaccess/0.17-GCCcore-12.3.0/lib/../lib64/:/sw/arch/RHEL8/EB_production/2023/software/libxml2/2.11.4-GCCcore-12.3.0/lib/../lib64/:/sw/arch/RHEL8/EB_production/2023/software/XZ/5.4.2-GCCcore-12.3.0/lib/../lib64/:/sw/arch/RHEL8/EB_production/2023/software/numactl/2.0.16-GCCcore-12.3.0/lib/../lib64/:/sw/arch/RHEL8/EB_production/2023/software/binutils/2.40-GCCcore-12.3.0/lib/../lib64/:/sw/arch/RHEL8/EB_production/2023/software/zlib/1.2.13-GCCcore-12.3.0/lib/../lib64/:/gpfs/admin/_hpc/sw/arch/AMD-ZEN2/RHEL8/EB_production/2023/software/GCCcore/12.3.0/bin/../lib/gcc/x86_64-pc-linux-gnu/12.3.0/../../../../lib64/:/lib/../lib64/:/usr/lib/../lib64/:/sw/arch/RHEL8/EB_production/2023/software/OpenMPI/4.1.5-GCC-12.3.0/lib/:/sw/arch/RHEL8/EB_production/2023/software/UCC/1.2.0-GCCcore-12.3.0/lib/:/sw/arch/RHEL8/EB_production/2023/software/libfabric/1.18.0-GCCcore-12.3.0/lib/:/sw/arch/RHEL8/EB_production/2023/software/UCX/1.14.1-GCCcore-12.3.0/lib/:/sw/arch/RHEL8/EB_production/2023/software/libevent/2.1.12-GCCcore-12.3.0/lib/:/sw/arch/RHEL8/EB_production/2022/software/OpenSSL/1.1/lib/:/sw/arch/RHEL8/EB_production/2023/software/hwloc/2.9.1-GCCcore-12.3.0/lib/:/sw/arch/RHEL8/EB_production/2023/software/libpciaccess/0.17-GCCcore-12.3.0/lib/:/sw/arch/RHEL8/EB_production/2023/software/libxml2/2.11.4-GCCcore-12.3.0/lib/:/sw/arch/RHEL8/EB_production/2023/software/XZ/5.4.2-GCCcore-12.3.0/lib/:/sw/arch/RHEL8/EB_production/2023/software/numactl/2.0.16-GCCcore-12.3.0/lib/:/sw/arch/RHEL8/EB_production/2023/software/binutils/2.40-GCCcore-12.3.0/lib/:/sw/arch/RHEL8/EB_production/2023/software/zlib/1.2.13-GCCcore-12.3.0/lib/:/gpfs/admin/_hpc/sw/arch/AMD-ZEN2/RHEL8/EB_production/2023/software/GCCcore/12.3.0/bin/../lib/gcc/x86_64-pc-linux-gnu/12.3.0/../../../:/lib/:/usr/lib/
COLLECT_GCC_OPTIONS='-O3' '-v' '-c' '-o' 'CMakeFiles/cmTC_b43d9.dir/CMakeFortranCompilerABI.F.o' '-mtune=generic' '-march=x86-64' '-dumpdir' 'CMakeFiles/cmTC_b43d9.dir/CMakeFortranCompilerABI.F.'
Linking Fortran executable cmTC_b43d9
/usr/bin/cmake -E cmake_link_script CMakeFiles/cmTC_b43d9.dir/link.txt --verbose=1
/sw/arch/RHEL8/EB_production/2023/software/GCCcore/12.3.0/bin/f95  -v -O3  CMakeFiles/cmTC_b43d9.dir/CMakeFortranCompilerABI.F.o -o cmTC_b43d9 
Driving: /sw/arch/RHEL8/EB_production/2023/software/GCCcore/12.3.0/bin/f95 -v -O3 CMakeFiles/cmTC_b43d9.dir/CMakeFortranCompilerABI.F.o -o cmTC_b43d9 -l gfortran -l m -shared-libgcc
Using built-in specs.
COLLECT_GCC=/sw/arch/RHEL8/EB_production/2023/software/GCCcore/12.3.0/bin/f95
COLLECT_LTO_WRAPPER=/gpfs/admin/_hpc/sw/arch/AMD-ZEN2/RHEL8/EB_production/2023/software/GCCcore/12.3.0/bin/../libexec/gcc/x86_64-pc-linux-gnu/12.3.0/lto-wrapper
OFFLOAD_TARGET_NAMES=nvptx-none
Target: x86_64-pc-linux-gnu
Configured with: ../configure --enable-languages=c,c++,fortran --without-cuda-driver --enable-offload-targets=nvptx-none --enable-lto --enable-checking=release --disable-multilib --enable-shared=yes --enable-static=yes --enable-threads=posix --enable-plugins --enable-gold --enable-ld=default --prefix=/sw/arch/RHEL8/EB_production/2023/software/GCCcore/12.3.0 --with-local-prefix=/sw/arch/RHEL8/EB_production/2023/software/GCCcore/12.3.0 --enable-bootstrap --with-isl=/tmp/jenkins/build/GCCcore/12.3.0/system-system/gcc-12.3.0/stage2_stuff --build=x86_64-pc-linux-gnu --host=x86_64-pc-linux-gnu
Thread model: posix
Supported LTO compression algorithms: zlib zstd
gcc version 12.3.0 (GCC) 
Reading specs from /gpfs/admin/_hpc/sw/arch/AMD-ZEN2/RHEL8/EB_production/2023/software/GCCcore/12.3.0/bin/../lib/gcc/x86_64-pc-linux-gnu/12.3.0/../../../../lib64/libgfortran.spec
rename spec lib to liborig
COLLECT_GCC_OPTIONS='-v' '-O3' '-o' 'cmTC_b43d9' '-shared-libgcc' '-mtune=generic' '-march=x86-64' '-dumpdir' 'cmTC_b43d9-'
COMPILER_PATH=/gpfs/admin/_hpc/sw/arch/AMD-ZEN2/RHEL8/EB_production/2023/software/GCCcore/12.3.0/bin/../libexec/gcc/x86_64-pc-linux-gnu/12.3.0/:/gpfs/admin/_hpc/sw/arch/AMD-ZEN2/RHEL8/EB_production/2023/software/GCCcore/12.3.0/bin/../libexec/gcc/
LIBRARY_PATH=/gpfs/admin/_hpc/sw/arch/AMD-ZEN2/RHEL8/EB_production/2023/software/GCCcore/12.3.0/bin/../lib/gcc/x86_64-pc-linux-gnu/12.3.0/:/gpfs/admin/_hpc/sw/arch/AMD-ZEN2/RHEL8/EB_production/2023/software/GCCcore/12.3.0/bin/../lib/gcc/:/sw/arch/RHEL8/EB_production/2023/software/OpenMPI/4.1.5-GCC-12.3.0/lib/../lib64/:/sw/arch/RHEL8/EB_production/2023/software/UCC/1.2.0-GCCcore-12.3.0/lib/../lib64/:/sw/arch/RHEL8/EB_production/2023/software/libfabric/1.18.0-GCCcore-12.3.0/lib/../lib64/:/sw/arch/RHEL8/EB_production/2023/software/UCX/1.14.1-GCCcore-12.3.0/lib/../lib64/:/sw/arch/RHEL8/EB_production/2023/software/libevent/2.1.12-GCCcore-12.3.0/lib/../lib64/:/sw/arch/RHEL8/EB_production/2022/software/OpenSSL/1.1/lib/../lib64/:/sw/arch/RHEL8/EB_production/2023/software/hwloc/2.9.1-GCCcore-12.3.0/lib/../lib64/:/sw/arch/RHEL8/EB_production/2023/software/libpciaccess/0.17-GCCcore-12.3.0/lib/../lib64/:/sw/arch/RHEL8/EB_production/2023/software/libxml2/2.11.4-GCCcore-12.3.0/lib/../lib64/:/sw/arch/RHEL8/EB_production/2023/software/XZ/5.4.2-GCCcore-12.3.0/lib/../lib64/:/sw/arch/RHEL8/EB_production/2023/software/numactl/2.0.16-GCCcore-12.3.0/lib/../lib64/:/sw/arch/RHEL8/EB_production/2023/software/binutils/2.40-GCCcore-12.3.0/lib/../lib64/:/sw/arch/RHEL8/EB_production/2023/software/zlib/1.2.13-GCCcore-12.3.0/lib/../lib64/:/gpfs/admin/_hpc/sw/arch/AMD-ZEN2/RHEL8/EB_production/2023/software/GCCcore/12.3.0/bin/../lib/gcc/x86_64-pc-linux-gnu/12.3.0/../../../../lib64/:/lib/../lib64/:/usr/lib/../lib64/:/sw/arch/RHEL8/EB_production/2023/software/OpenMPI/4.1.5-GCC-12.3.0/lib/:/sw/arch/RHEL8/EB_production/2023/software/UCC/1.2.0-GCCcore-12.3.0/lib/:/sw/arch/RHEL8/EB_production/2023/software/libfabric/1.18.0-GCCcore-12.3.0/lib/:/sw/arch/RHEL8/EB_production/2023/software/UCX/1.14.1-GCCcore-12.3.0/lib/:/sw/arch/RHEL8/EB_production/2023/software/libevent/2.1.12-GCCcore-12.3.0/lib/:/sw/arch/RHEL8/EB_production/2022/software/OpenSSL/1.1/lib/:/sw/arch/RHEL8/EB_production/2023/software/hwloc/2.9.1-GCCcore-12.3.0/lib/:/sw/arch/RHEL8/EB_production/2023/software/libpciaccess/0.17-GCCcore-12.3.0/lib/:/sw/arch/RHEL8/EB_production/2023/software/libxml2/2.11.4-GCCcore-12.3.0/lib/:/sw/arch/RHEL8/EB_production/2023/software/XZ/5.4.2-GCCcore-12.3.0/lib/:/sw/arch/RHEL8/EB_production/2023/software/numactl/2.0.16-GCCcore-12.3.0/lib/:/sw/arch/RHEL8/EB_production/2023/software/binutils/2.40-GCCcore-12.3.0/lib/:/sw/arch/RHEL8/EB_production/2023/software/zlib/1.2.13-GCCcore-12.3.0/lib/:/gpfs/admin/_hpc/sw/arch/AMD-ZEN2/RHEL8/EB_production/2023/software/GCCcore/12.3.0/bin/../lib/gcc/x86_64-pc-linux-gnu/12.3.0/../../../:/lib/:/usr/lib/
COLLECT_GCC_OPTIONS='-v' '-O3' '-o' 'cmTC_b43d9' '-shared-libgcc' '-mtune=generic' '-march=x86-64' '-dumpdir' 'cmTC_b43d9.'
 /gpfs/admin/_hpc/sw/arch/AMD-ZEN2/RHEL8/EB_production/2023/software/GCCcore/12.3.0/bin/../libexec/gcc/x86_64-pc-linux-gnu/12.3.0/collect2 -plugin /gpfs/admin/_hpc/sw/arch/AMD-ZEN2/RHEL8/EB_production/2023/software/GCCcore/12.3.0/bin/../libexec/gcc/x86_64-pc-linux-gnu/12.3.0/liblto_plugin.so -plugin-opt=/gpfs/admin/_hpc/sw/arch/AMD-ZEN2/RHEL8/EB_production/2023/software/GCCcore/12.3.0/bin/../libexec/gcc/x86_64-pc-linux-gnu/12.3.0/lto-wrapper -plugin-opt=-fresolution=/scratch-local/dniessink/ccDV3O2C.res -plugin-opt=-pass-through=-lgcc_s -plugin-opt=-pass-through=-lgcc -plugin-opt=-pass-through=-lquadmath -plugin-opt=-pass-through=-lm -plugin-opt=-pass-through=-lgcc_s -plugin-opt=-pass-through=-lgcc -plugin-opt=-pass-through=-lc -plugin-opt=-pass-through=-lgcc_s -plugin-opt=-pass-through=-lgcc --eh-frame-hdr -m elf_x86_64 -dynamic-linker /lib64/ld-linux-x86-64.so.2 -o cmTC_b43d9 /lib/../lib64/crt1.o /lib/../lib64/crti.o /gpfs/admin/_hpc/sw/arch/AMD-ZEN2/RHEL8/EB_production/2023/software/GCCcore/12.3.0/bin/../lib/gcc/x86_64-pc-linux-gnu/12.3.0/crtbegin.o -L/gpfs/admin/_hpc/sw/arch/AMD-ZEN2/RHEL8/EB_production/2023/software/GCCcore/12.3.0/bin/../lib/gcc/x86_64-pc-linux-gnu/12.3.0 -L/gpfs/admin/_hpc/sw/arch/AMD-ZEN2/RHEL8/EB_production/2023/software/GCCcore/12.3.0/bin/../lib/gcc -L/sw/arch/RHEL8/EB_production/2023/software/OpenMPI/4.1.5-GCC-12.3.0/lib/../lib64 -L/sw/arch/RHEL8/EB_production/2023/software/UCC/1.2.0-GCCcore-12.3.0/lib/../lib64 -L/sw/arch/RHEL8/EB_production/2023/software/libfabric/1.18.0-GCCcore-12.3.0/lib/../lib64 -L/sw/arch/RHEL8/EB_production/2023/software/UCX/1.14.1-GCCcore-12.3.0/lib/../lib64 -L/sw/arch/RHEL8/EB_production/2023/software/libevent/2.1.12-GCCcore-12.3.0/lib/../lib64 -L/sw/arch/RHEL8/EB_production/2022/software/OpenSSL/1.1/lib/../lib64 -L/sw/arch/RHEL8/EB_production/2023/software/hwloc/2.9.1-GCCcore-12.3.0/lib/../lib64 -L/sw/arch/RHEL8/EB_production/2023/software/libpciaccess/0.17-GCCcore-12.3.0/lib/../lib64 -L/sw/arch/RHEL8/EB_production/2023/software/libxml2/2.11.4-GCCcore-12.3.0/lib/../lib64 -L/sw/arch/RHEL8/EB_production/2023/software/XZ/5.4.2-GCCcore-12.3.0/lib/../lib64 -L/sw/arch/RHEL8/EB_production/2023/software/numactl/2.0.16-GCCcore-12.3.0/lib/../lib64 -L/sw/arch/RHEL8/EB_production/2023/software/binutils/2.40-GCCcore-12.3.0/lib/../lib64 -L/sw/arch/RHEL8/EB_production/2023/software/zlib/1.2.13-GCCcore-12.3.0/lib/../lib64 -L/gpfs/admin/_hpc/sw/arch/AMD-ZEN2/RHEL8/EB_production/2023/software/GCCcore/12.3.0/bin/../lib/gcc/x86_64-pc-linux-gnu/12.3.0/../../../../lib64 -L/lib/../lib64 -L/usr/lib/../lib64 -L/sw/arch/RHEL8/EB_production/2023/software/OpenMPI/4.1.5-GCC-12.3.0/lib -L/sw/arch/RHEL8/EB_production/2023/software/UCC/1.2.0-GCCcore-12.3.0/lib -L/sw/arch/RHEL8/EB_production/2023/software/libfabric/1.18.0-GCCcore-12.3.0/lib -L/sw/arch/RHEL8/EB_production/2023/software/UCX/1.14.1-GCCcore-12.3.0/lib -L/sw/arch/RHEL8/EB_production/2023/software/libevent/2.1.12-GCCcore-12.3.0/lib -L/sw/arch/RHEL8/EB_production/2022/software/OpenSSL/1.1/lib -L/sw/arch/RHEL8/EB_production/2023/software/hwloc/2.9.1-GCCcore-12.3.0/lib -L/sw/arch/RHEL8/EB_production/2023/software/libpciaccess/0.17-GCCcore-12.3.0/lib -L/sw/arch/RHEL8/EB_production/2023/software/libxml2/2.11.4-GCCcore-12.3.0/lib -L/sw/arch/RHEL8/EB_production/2023/software/XZ/5.4.2-GCCcore-12.3.0/lib -L/sw/arch/RHEL8/EB_production/2023/software/numactl/2.0.16-GCCcore-12.3.0/lib -L/sw/arch/RHEL8/EB_production/2023/software/binutils/2.40-GCCcore-12.3.0/lib -L/sw/arch/RHEL8/EB_production/2023/software/zlib/1.2.13-GCCcore-12.3.0/lib -L/gpfs/admin/_hpc/sw/arch/AMD-ZEN2/RHEL8/EB_production/2023/software/GCCcore/12.3.0/bin/../lib/gcc/x86_64-pc-linux-gnu/12.3.0/../../.. CMakeFiles/cmTC_b43d9.dir/CMakeFortranCompilerABI.F.o -lgfortran -lm -lgcc_s -lgcc -lquadmath -lm -lgcc_s -lgcc -lc -lgcc_s -lgcc /gpfs/admin/_hpc/sw/arch/AMD-ZEN2/RHEL8/EB_production/2023/software/GCCcore/12.3.0/bin/../lib/gcc/x86_64-pc-linux-gnu/12.3.0/crtend.o /lib/../lib64/crtn.o
COLLECT_GCC_OPTIONS='-v' '-O3' '-o' 'cmTC_b43d9' '-shared-libgcc' '-mtune=generic' '-march=x86-64' '-dumpdir' 'cmTC_b43d9.'
gmake[1]: Leaving directory '/gpfs/home1/dniessink/garnets/dl-poly-5.1.0/build-serial/CMakeFiles/CMakeTmp'



Parsed Fortran implicit include dir info from above output: rv=done
  found start of include info
  found start of implicit include info
    add: [/gpfs/admin/_hpc/sw/arch/AMD-ZEN2/RHEL8/EB_production/2023/software/GCCcore/12.3.0/bin/../lib/gcc/x86_64-pc-linux-gnu/12.3.0/finclude]
    add: [/sw/arch/RHEL8/EB_production/2023/software/OpenMPI/4.1.5-GCC-12.3.0/include]
    add: [/sw/arch/RHEL8/EB_production/2023/software/UCC/1.2.0-GCCcore-12.3.0/include]
    add: [/sw/arch/RHEL8/EB_production/2023/software/libfabric/1.18.0-GCCcore-12.3.0/include]
    add: [/sw/arch/RHEL8/EB_production/2023/software/UCX/1.14.1-GCCcore-12.3.0/include]
    add: [/sw/arch/RHEL8/EB_production/2023/software/libevent/2.1.12-GCCcore-12.3.0/include]
    add: [/sw/arch/RHEL8/EB_production/2022/software/OpenSSL/1.1/include]
    add: [/sw/arch/RHEL8/EB_production/2023/software/hwloc/2.9.1-GCCcore-12.3.0/include]
    add: [/sw/arch/RHEL8/EB_production/2023/software/libpciaccess/0.17-GCCcore-12.3.0/include]
    add: [/sw/arch/RHEL8/EB_production/2023/software/libxml2/2.11.4-GCCcore-12.3.0/include/libxml2]
    add: [/sw/arch/RHEL8/EB_production/2023/software/libxml2/2.11.4-GCCcore-12.3.0/include]
    add: [/sw/arch/RHEL8/EB_production/2023/software/XZ/5.4.2-GCCcore-12.3.0/include]
    add: [/sw/arch/RHEL8/EB_production/2023/software/numactl/2.0.16-GCCcore-12.3.0/include]
    add: [/sw/arch/RHEL8/EB_production/2023/software/binutils/2.40-GCCcore-12.3.0/include]
    add: [/sw/arch/RHEL8/EB_production/2023/software/zlib/1.2.13-GCCcore-12.3.0/include]
    add: [/gpfs/admin/_hpc/sw/arch/AMD-ZEN2/RHEL8/EB_production/2023/software/GCCcore/12.3.0/bin/../lib/gcc/x86_64-pc-linux-gnu/12.3.0/include]
    add: [/sw/arch/RHEL8/EB_production/2023/software/GCCcore/12.3.0/include]
    add: [/usr/include]
  end of search list found
  collapse include dir [/gpfs/admin/_hpc/sw/arch/AMD-ZEN2/RHEL8/EB_production/2023/software/GCCcore/12.3.0/bin/../lib/gcc/x86_64-pc-linux-gnu/12.3.0/finclude] ==> [/gpfs/admin/_hpc/sw/arch/AMD-ZEN2/RHEL8/EB_production/2023/software/GCCcore/12.3.0/lib/gcc/x86_64-pc-linux-gnu/12.3.0/finclude]
  collapse include dir [/sw/arch/RHEL8/EB_production/2023/software/OpenMPI/4.1.5-GCC-12.3.0/include] ==> [/sw/arch/RHEL8/EB_production/2023/software/OpenMPI/4.1.5-GCC-12.3.0/include]
  collapse include dir [/sw/arch/RHEL8/EB_production/2023/software/UCC/1.2.0-GCCcore-12.3.0/include] ==> [/sw/arch/RHEL8/EB_production/2023/software/UCC/1.2.0-GCCcore-12.3.0/include]
  collapse include dir [/sw/arch/RHEL8/EB_production/2023/software/libfabric/1.18.0-GCCcore-12.3.0/include] ==> [/sw/arch/RHEL8/EB_production/2023/software/libfabric/1.18.0-GCCcore-12.3.0/include]
  collapse include dir [/sw/arch/RHEL8/EB_production/2023/software/UCX/1.14.1-GCCcore-12.3.0/include] ==> [/sw/arch/RHEL8/EB_production/2023/software/UCX/1.14.1-GCCcore-12.3.0/include]
  collapse include dir [/sw/arch/RHEL8/EB_production/2023/software/libevent/2.1.12-GCCcore-12.3.0/include] ==> [/sw/arch/RHEL8/EB_production/2023/software/libevent/2.1.12-GCCcore-12.3.0/include]
  collapse include dir [/sw/arch/RHEL8/EB_production/2022/software/OpenSSL/1.1/include] ==> [/sw/arch/RHEL8/EB_production/2022/software/OpenSSL/1.1/include]
  collapse include dir [/sw/arch/RHEL8/EB_production/2023/software/hwloc/2.9.1-GCCcore-12.3.0/include] ==> [/sw/arch/RHEL8/EB_production/2023/software/hwloc/2.9.1-GCCcore-12.3.0/include]
  collapse include dir [/sw/arch/RHEL8/EB_production/2023/software/libpciaccess/0.17-GCCcore-12.3.0/include] ==> [/sw/arch/RHEL8/EB_production/2023/software/libpciaccess/0.17-GCCcore-12.3.0/include]
  collapse include dir [/sw/arch/RHEL8/EB_production/2023/software/libxml2/2.11.4-GCCcore-12.3.0/include/libxml2] ==> [/sw/arch/RHEL8/EB_production/2023/software/libxml2/2.11.4-GCCcore-12.3.0/include/libxml2]
  collapse include dir [/sw/arch/RHEL8/EB_production/2023/software/libxml2/2.11.4-GCCcore-12.3.0/include] ==> [/sw/arch/RHEL8/EB_production/2023/software/libxml2/2.11.4-GCCcore-12.3.0/include]
  collapse include dir [/sw/arch/RHEL8/EB_production/2023/software/XZ/5.4.2-GCCcore-12.3.0/include] ==> [/sw/arch/RHEL8/EB_production/2023/software/XZ/5.4.2-GCCcore-12.3.0/include]
  collapse include dir [/sw/arch/RHEL8/EB_production/2023/software/numactl/2.0.16-GCCcore-12.3.0/include] ==> [/sw/arch/RHEL8/EB_production/2023/software/numactl/2.0.16-GCCcore-12.3.0/include]
  collapse include dir [/sw/arch/RHEL8/EB_production/2023/software/binutils/2.40-GCCcore-12.3.0/include] ==> [/sw/arch/RHEL8/EB_production/2023/software/binutils/2.40-GCCcore-12.3.0/include]
  collapse include dir [/sw/arch/RHEL8/EB_production/2023/software/zlib/1.2.13-GCCcore-12.3.0/include] ==> [/sw/arch/RHEL8/EB_production/2023/software/zlib/1.2.13-GCCcore-12.3.0/include]
  collapse include dir [/gpfs/admin/_hpc/sw/arch/AMD-ZEN2/RHEL8/EB_production/2023/software/GCCcore/12.3.0/bin/../lib/gcc/x86_64-pc-linux-gnu/12.3.0/include] ==> [/gpfs/admin/_hpc/sw/arch/AMD-ZEN2/RHEL8/EB_production/2023/software/GCCcore/12.3.0/lib/gcc/x86_64-pc-linux-gnu/12.3.0/include]
  collapse include dir [/sw/arch/RHEL8/EB_production/2023/software/GCCcore/12.3.0/include] ==> [/sw/arch/RHEL8/EB_production/2023/software/GCCcore/12.3.0/include]
  collapse include dir [/usr/include] ==> [/usr/include]
  implicit include dirs: [/gpfs/admin/_hpc/sw/arch/AMD-ZEN2/RHEL8/EB_production/2023/software/GCCcore/12.3.0/lib/gcc/x86_64-pc-linux-gnu/12.3.0/finclude;/sw/arch/RHEL8/EB_production/2023/software/OpenMPI/4.1.5-GCC-12.3.0/include;/sw/arch/RHEL8/EB_production/2023/software/UCC/1.2.0-GCCcore-12.3.0/include;/sw/arch/RHEL8/EB_production/2023/software/libfabric/1.18.0-GCCcore-12.3.0/include;/sw/arch/RHEL8/EB_production/2023/software/UCX/1.14.1-GCCcore-12.3.0/include;/sw/arch/RHEL8/EB_production/2023/software/libevent/2.1.12-GCCcore-12.3.0/include;/sw/arch/RHEL8/EB_production/2022/software/OpenSSL/1.1/include;/sw/arch/RHEL8/EB_production/2023/software/hwloc/2.9.1-GCCcore-12.3.0/include;/sw/arch/RHEL8/EB_production/2023/software/libpciaccess/0.17-GCCcore-12.3.0/include;/sw/arch/RHEL8/EB_production/2023/software/libxml2/2.11.4-GCCcore-12.3.0/include/libxml2;/sw/arch/RHEL8/EB_production/2023/software/libxml2/2.11.4-GCCcore-12.3.0/include;/sw/arch/RHEL8/EB_production/2023/software/XZ/5.4.2-GCCcore-12.3.0/include;/sw/arch/RHEL8/EB_production/2023/software/numactl/2.0.16-GCCcore-12.3.0/include;/sw/arch/RHEL8/EB_production/2023/software/binutils/2.40-GCCcore-12.3.0/include;/sw/arch/RHEL8/EB_production/2023/software/zlib/1.2.13-GCCcore-12.3.0/include;/gpfs/admin/_hpc/sw/arch/AMD-ZEN2/RHEL8/EB_production/2023/software/GCCcore/12.3.0/lib/gcc/x86_64-pc-linux-gnu/12.3.0/include;/sw/arch/RHEL8/EB_production/2023/software/GCCcore/12.3.0/include;/usr/include]


Parsed Fortran implicit link information from above output:
  link line regex: [^( *|.*[/\])(ld|CMAKE_LINK_STARTFILE-NOTFOUND|([^/\]+-)?ld|collect2)[^/\]*( |$)]
  ignore line: [Change Dir: /home/dniessink/garnets/dl-poly-5.1.0/build-serial/CMakeFiles/CMakeTmp]
  ignore line: []
  ignore line: [Run Build Command(s):/usr/bin/gmake -f Makefile cmTC_b43d9/fast && /usr/bin/gmake  -f CMakeFiles/cmTC_b43d9.dir/build.make CMakeFiles/cmTC_b43d9.dir/build]
  ignore line: [gmake[1]: Entering directory '/gpfs/home1/dniessink/garnets/dl-poly-5.1.0/build-serial/CMakeFiles/CMakeTmp']
  ignore line: [Building Fortran object CMakeFiles/cmTC_b43d9.dir/CMakeFortranCompilerABI.F.o]
  ignore line: [/sw/arch/RHEL8/EB_production/2023/software/GCCcore/12.3.0/bin/f95   -O3    -v -c /usr/share/cmake/Modules/CMakeFortranCompilerABI.F -o CMakeFiles/cmTC_b43d9.dir/CMakeFortranCompilerABI.F.o]
  ignore line: [Using built-in specs.]
  ignore line: [COLLECT_GCC=/sw/arch/RHEL8/EB_production/2023/software/GCCcore/12.3.0/bin/f95]
  ignore line: [OFFLOAD_TARGET_NAMES=nvptx-none]
  ignore line: [Target: x86_64-pc-linux-gnu]
  ignore line: [Configured with: ../configure --enable-languages=c,c++,fortran --without-cuda-driver --enable-offload-targets=nvptx-none --enable-lto --enable-checking=release --disable-multilib --enable-shared=yes --enable-static=yes --enable-threads=posix --enable-plugins --enable-gold --enable-ld=default --prefix=/sw/arch/RHEL8/EB_production/2023/software/GCCcore/12.3.0 --with-local-prefix=/sw/arch/RHEL8/EB_production/2023/software/GCCcore/12.3.0 --enable-bootstrap --with-isl=/tmp/jenkins/build/GCCcore/12.3.0/system-system/gcc-12.3.0/stage2_stuff --build=x86_64-pc-linux-gnu --host=x86_64-pc-linux-gnu]
  ignore line: [Thread model: posix]
  ignore line: [Supported LTO compression algorithms: zlib zstd]
  ignore line: [gcc version 12.3.0 (GCC) ]
  ignore line: [COLLECT_GCC_OPTIONS='-O3' '-v' '-c' '-o' 'CMakeFiles/cmTC_b43d9.dir/CMakeFortranCompilerABI.F.o' '-mtune=generic' '-march=x86-64' '-dumpdir' 'CMakeFiles/cmTC_b43d9.dir/']
  ignore line: [ /gpfs/admin/_hpc/sw/arch/AMD-ZEN2/RHEL8/EB_production/2023/software/GCCcore/12.3.0/bin/../libexec/gcc/x86_64-pc-linux-gnu/12.3.0/f951 /usr/share/cmake/Modules/CMakeFortranCompilerABI.F -ffixed-form -cpp=/scratch-local/dniessink/ccZQBznu.f90 -quiet -v -iprefix /gpfs/admin/_hpc/sw/arch/AMD-ZEN2/RHEL8/EB_production/2023/software/GCCcore/12.3.0/bin/../lib/gcc/x86_64-pc-linux-gnu/12.3.0/ /usr/share/cmake/Modules/CMakeFortranCompilerABI.F -quiet -dumpdir CMakeFiles/cmTC_b43d9.dir/ -dumpbase CMakeFortranCompilerABI.F.F -dumpbase-ext .F -mtune=generic -march=x86-64 -O3 -version -fintrinsic-modules-path /gpfs/admin/_hpc/sw/arch/AMD-ZEN2/RHEL8/EB_production/2023/software/GCCcore/12.3.0/bin/../lib/gcc/x86_64-pc-linux-gnu/12.3.0/finclude -fpre-include=/usr/include/finclude/math-vector-fortran.h -o /scratch-local/dniessink/ccyLSbyQ.s]
  ignore line: [GNU Fortran (GCC) version 12.3.0 (x86_64-pc-linux-gnu)]
  ignore line: [	compiled by GNU C version 12.3.0  GMP version 6.2.1  MPFR version 4.2.0  MPC version 1.3.1  isl version isl-0.26-GMP]
  ignore line: []
  ignore line: [GGC heuristics: --param ggc-min-expand=100 --param ggc-min-heapsize=131072]
  ignore line: [ignoring nonexistent directory "/gpfs/admin/_hpc/sw/arch/AMD-ZEN2/RHEL8/EB_production/2023/software/GCCcore/12.3.0/bin/../lib/gcc/x86_64-pc-linux-gnu/12.3.0/include-fixed"]
  ignore line: [ignoring nonexistent directory "/gpfs/admin/_hpc/sw/arch/AMD-ZEN2/RHEL8/EB_production/2023/software/GCCcore/12.3.0/bin/../lib/gcc/x86_64-pc-linux-gnu/12.3.0/../../../../x86_64-pc-linux-gnu/include"]
  ignore line: [ignoring duplicate directory "/gpfs/admin/_hpc/sw/arch/AMD-ZEN2/RHEL8/EB_production/2023/software/GCCcore/12.3.0/bin/../lib/gcc/../../lib/gcc/x86_64-pc-linux-gnu/12.3.0/include"]
  ignore line: [ignoring nonexistent directory "/gpfs/admin/_hpc/sw/arch/AMD-ZEN2/RHEL8/EB_production/2023/software/GCCcore/12.3.0/bin/../lib/gcc/../../lib/gcc/x86_64-pc-linux-gnu/12.3.0/include-fixed"]
  ignore line: [ignoring nonexistent directory "/gpfs/admin/_hpc/sw/arch/AMD-ZEN2/RHEL8/EB_production/2023/software/GCCcore/12.3.0/bin/../lib/gcc/../../lib/gcc/x86_64-pc-linux-gnu/12.3.0/../../../../x86_64-pc-linux-gnu/include"]
  ignore line: [#include "..." search starts here:]
  ignore line: [#include <...> search starts here:]
  ignore line: [ /gpfs/admin/_hpc/sw/arch/AMD-ZEN2/RHEL8/EB_production/2023/software/GCCcore/12.3.0/bin/../lib/gcc/x86_64-pc-linux-gnu/12.3.0/finclude]
  ignore line: [ /sw/arch/RHEL8/EB_production/2023/software/OpenMPI/4.1.5-GCC-12.3.0/include]
  ignore line: [ /sw/arch/RHEL8/EB_production/2023/software/UCC/1.2.0-GCCcore-12.3.0/include]
  ignore line: [ /sw/arch/RHEL8/EB_production/2023/software/libfabric/1.18.0-GCCcore-12.3.0/include]
  ignore line: [ /sw/arch/RHEL8/EB_production/2023/software/UCX/1.14.1-GCCcore-12.3.0/include]
  ignore line: [ /sw/arch/RHEL8/EB_production/2023/software/libevent/2.1.12-GCCcore-12.3.0/include]
  ignore line: [ /sw/arch/RHEL8/EB_production/2022/software/OpenSSL/1.1/include]
  ignore line: [ /sw/arch/RHEL8/EB_production/2023/software/hwloc/2.9.1-GCCcore-12.3.0/include]
  ignore line: [ /sw/arch/RHEL8/EB_production/2023/software/libpciaccess/0.17-GCCcore-12.3.0/include]
  ignore line: [ /sw/arch/RHEL8/EB_production/2023/software/libxml2/2.11.4-GCCcore-12.3.0/include/libxml2]
  ignore line: [ /sw/arch/RHEL8/EB_production/2023/software/libxml2/2.11.4-GCCcore-12.3.0/include]
  ignore line: [ /sw/arch/RHEL8/EB_production/2023/software/XZ/5.4.2-GCCcore-12.3.0/include]
  ignore line: [ /sw/arch/RHEL8/EB_production/2023/software/numactl/2.0.16-GCCcore-12.3.0/include]
  ignore line: [ /sw/arch/RHEL8/EB_production/2023/software/binutils/2.40-GCCcore-12.3.0/include]
  ignore line: [ /sw/arch/RHEL8/EB_production/2023/software/zlib/1.2.13-GCCcore-12.3.0/include]
  ignore line: [ /gpfs/admin/_hpc/sw/arch/AMD-ZEN2/RHEL8/EB_production/2023/software/GCCcore/12.3.0/bin/../lib/gcc/x86_64-pc-linux-gnu/12.3.0/include]
  ignore line: [ /sw/arch/RHEL8/EB_production/2023/software/GCCcore/12.3.0/include]
  ignore line: [ /usr/include]
  ignore line: [End of search list.]
  ignore line: [GNU Fortran2008 (GCC) version 12.3.0 (x86_64-pc-linux-gnu)]
  ignore line: [	compiled by GNU C version 12.3.0  GMP version 6.2.1  MPFR version 4.2.0  MPC version 1.3.1  isl version isl-0.26-GMP]
  ignore line: []
  ignore line: [GGC heuristics: --param ggc-min-expand=100 --param ggc-min-heapsize=131072]
  ignore line: [COLLECT_GCC_OPTIONS='-O3' '-v' '-c' '-o' 'CMakeFiles/cmTC_b43d9.dir/CMakeFortranCompilerABI.F.o' '-mtune=generic' '-march=x86-64' '-dumpdir' 'CMakeFiles/cmTC_b43d9.dir/']
  ignore line: [ as -v --64 -o CMakeFiles/cmTC_b43d9.dir/CMakeFortranCompilerABI.F.o /scratch-local/dniessink/ccyLSbyQ.s]
  ignore line: [GNU assembler version 2.40 (x86_64-pc-linux-gnu) using BFD version (GNU Binutils) 2.40]
  ignore line: [COMPILER_PATH=/gpfs/admin/_hpc/sw/arch/AMD-ZEN2/RHEL8/EB_production/2023/software/GCCcore/12.3.0/bin/../libexec/gcc/x86_64-pc-linux-gnu/12.3.0/:/gpfs/admin/_hpc/sw/arch/AMD-ZEN2/RHEL8/EB_production/2023/software/GCCcore/12.3.0/bin/../libexec/gcc/]
  ignore line: [LIBRARY_PATH=/gpfs/admin/_hpc/sw/arch/AMD-ZEN2/RHEL8/EB_production/2023/software/GCCcore/12.3.0/bin/../lib/gcc/x86_64-pc-linux-gnu/12.3.0/:/gpfs/admin/_hpc/sw/arch/AMD-ZEN2/RHEL8/EB_production/2023/software/GCCcore/12.3.0/bin/../lib/gcc/:/sw/arch/RHEL8/EB_production/2023/software/OpenMPI/4.1.5-GCC-12.3.0/lib/../lib64/:/sw/arch/RHEL8/EB_production/2023/software/UCC/1.2.0-GCCcore-12.3.0/lib/../lib64/:/sw/arch/RHEL8/EB_production/2023/software/libfabric/1.18.0-GCCcore-12.3.0/lib/../lib64/:/sw/arch/RHEL8/EB_production/2023/software/UCX/1.14.1-GCCcore-12.3.0/lib/../lib64/:/sw/arch/RHEL8/EB_production/2023/software/libevent/2.1.12-GCCcore-12.3.0/lib/../lib64/:/sw/arch/RHEL8/EB_production/2022/software/OpenSSL/1.1/lib/../lib64/:/sw/arch/RHEL8/EB_production/2023/software/hwloc/2.9.1-GCCcore-12.3.0/lib/../lib64/:/sw/arch/RHEL8/EB_production/2023/software/libpciaccess/0.17-GCCcore-12.3.0/lib/../lib64/:/sw/arch/RHEL8/EB_production/2023/software/libxml2/2.11.4-GCCcore-12.3.0/lib/../lib64/:/sw/arch/RHEL8/EB_production/2023/software/XZ/5.4.2-GCCcore-12.3.0/lib/../lib64/:/sw/arch/RHEL8/EB_production/2023/software/numactl/2.0.16-GCCcore-12.3.0/lib/../lib64/:/sw/arch/RHEL8/EB_production/2023/software/binutils/2.40-GCCcore-12.3.0/lib/../lib64/:/sw/arch/RHEL8/EB_production/2023/software/zlib/1.2.13-GCCcore-12.3.0/lib/../lib64/:/gpfs/admin/_hpc/sw/arch/AMD-ZEN2/RHEL8/EB_production/2023/software/GCCcore/12.3.0/bin/../lib/gcc/x86_64-pc-linux-gnu/12.3.0/../../../../lib64/:/lib/../lib64/:/usr/lib/../lib64/:/sw/arch/RHEL8/EB_production/2023/software/OpenMPI/4.1.5-GCC-12.3.0/lib/:/sw/arch/RHEL8/EB_production/2023/software/UCC/1.2.0-GCCcore-12.3.0/lib/:/sw/arch/RHEL8/EB_production/2023/software/libfabric/1.18.0-GCCcore-12.3.0/lib/:/sw/arch/RHEL8/EB_production/2023/software/UCX/1.14.1-GCCcore-12.3.0/lib/:/sw/arch/RHEL8/EB_production/2023/software/libevent/2.1.12-GCCcore-12.3.0/lib/:/sw/arch/RHEL8/EB_production/2022/software/OpenSSL/1.1/lib/:/sw/arch/RHEL8/EB_production/2023/software/hwloc/2.9.1-GCCcore-12.3.0/lib/:/sw/arch/RHEL8/EB_production/2023/software/libpciaccess/0.17-GCCcore-12.3.0/lib/:/sw/arch/RHEL8/EB_production/2023/software/libxml2/2.11.4-GCCcore-12.3.0/lib/:/sw/arch/RHEL8/EB_production/2023/software/XZ/5.4.2-GCCcore-12.3.0/lib/:/sw/arch/RHEL8/EB_production/2023/software/numactl/2.0.16-GCCcore-12.3.0/lib/:/sw/arch/RHEL8/EB_production/2023/software/binutils/2.40-GCCcore-12.3.0/lib/:/sw/arch/RHEL8/EB_production/2023/software/zlib/1.2.13-GCCcore-12.3.0/lib/:/gpfs/admin/_hpc/sw/arch/AMD-ZEN2/RHEL8/EB_production/2023/software/GCCcore/12.3.0/bin/../lib/gcc/x86_64-pc-linux-gnu/12.3.0/../../../:/lib/:/usr/lib/]
  ignore line: [COLLECT_GCC_OPTIONS='-O3' '-v' '-c' '-o' 'CMakeFiles/cmTC_b43d9.dir/CMakeFortranCompilerABI.F.o' '-mtune=generic' '-march=x86-64' '-dumpdir' 'CMakeFiles/cmTC_b43d9.dir/CMakeFortranCompilerABI.F.']
  ignore line: [Linking Fortran executable cmTC_b43d9]
  ignore line: [/usr/bin/cmake -E cmake_link_script CMakeFiles/cmTC_b43d9.dir/link.txt --verbose=1]
  ignore line: [/sw/arch/RHEL8/EB_production/2023/software/GCCcore/12.3.0/bin/f95  -v -O3  CMakeFiles/cmTC_b43d9.dir/CMakeFortranCompilerABI.F.o -o cmTC_b43d9 ]
  ignore line: [Driving: /sw/arch/RHEL8/EB_production/2023/software/GCCcore/12.3.0/bin/f95 -v -O3 CMakeFiles/cmTC_b43d9.dir/CMakeFortranCompilerABI.F.o -o cmTC_b43d9 -l gfortran -l m -shared-libgcc]
  ignore line: [Using built-in specs.]
  ignore line: [COLLECT_GCC=/sw/arch/RHEL8/EB_production/2023/software/GCCcore/12.3.0/bin/f95]
  ignore line: [COLLECT_LTO_WRAPPER=/gpfs/admin/_hpc/sw/arch/AMD-ZEN2/RHEL8/EB_production/2023/software/GCCcore/12.3.0/bin/../libexec/gcc/x86_64-pc-linux-gnu/12.3.0/lto-wrapper]
  ignore line: [OFFLOAD_TARGET_NAMES=nvptx-none]
  ignore line: [Target: x86_64-pc-linux-gnu]
  ignore line: [Configured with: ../configure --enable-languages=c,c++,fortran --without-cuda-driver --enable-offload-targets=nvptx-none --enable-lto --enable-checking=release --disable-multilib --enable-shared=yes --enable-static=yes --enable-threads=posix --enable-plugins --enable-gold --enable-ld=default --prefix=/sw/arch/RHEL8/EB_production/2023/software/GCCcore/12.3.0 --with-local-prefix=/sw/arch/RHEL8/EB_production/2023/software/GCCcore/12.3.0 --enable-bootstrap --with-isl=/tmp/jenkins/build/GCCcore/12.3.0/system-system/gcc-12.3.0/stage2_stuff --build=x86_64-pc-linux-gnu --host=x86_64-pc-linux-gnu]
  ignore line: [Thread model: posix]
  ignore line: [Supported LTO compression algorithms: zlib zstd]
  ignore line: [gcc version 12.3.0 (GCC) ]
  ignore line: [Reading specs from /gpfs/admin/_hpc/sw/arch/AMD-ZEN2/RHEL8/EB_production/2023/software/GCCcore/12.3.0/bin/../lib/gcc/x86_64-pc-linux-gnu/12.3.0/../../../../lib64/libgfortran.spec]
  ignore line: [rename spec lib to liborig]
  ignore line: [COLLECT_GCC_OPTIONS='-v' '-O3' '-o' 'cmTC_b43d9' '-shared-libgcc' '-mtune=generic' '-march=x86-64' '-dumpdir' 'cmTC_b43d9-']
  ignore line: [COMPILER_PATH=/gpfs/admin/_hpc/sw/arch/AMD-ZEN2/RHEL8/EB_production/2023/software/GCCcore/12.3.0/bin/../libexec/gcc/x86_64-pc-linux-gnu/12.3.0/:/gpfs/admin/_hpc/sw/arch/AMD-ZEN2/RHEL8/EB_production/2023/software/GCCcore/12.3.0/bin/../libexec/gcc/]
  ignore line: [LIBRARY_PATH=/gpfs/admin/_hpc/sw/arch/AMD-ZEN2/RHEL8/EB_production/2023/software/GCCcore/12.3.0/bin/../lib/gcc/x86_64-pc-linux-gnu/12.3.0/:/gpfs/admin/_hpc/sw/arch/AMD-ZEN2/RHEL8/EB_production/2023/software/GCCcore/12.3.0/bin/../lib/gcc/:/sw/arch/RHEL8/EB_production/2023/software/OpenMPI/4.1.5-GCC-12.3.0/lib/../lib64/:/sw/arch/RHEL8/EB_production/2023/software/UCC/1.2.0-GCCcore-12.3.0/lib/../lib64/:/sw/arch/RHEL8/EB_production/2023/software/libfabric/1.18.0-GCCcore-12.3.0/lib/../lib64/:/sw/arch/RHEL8/EB_production/2023/software/UCX/1.14.1-GCCcore-12.3.0/lib/../lib64/:/sw/arch/RHEL8/EB_production/2023/software/libevent/2.1.12-GCCcore-12.3.0/lib/../lib64/:/sw/arch/RHEL8/EB_production/2022/software/OpenSSL/1.1/lib/../lib64/:/sw/arch/RHEL8/EB_production/2023/software/hwloc/2.9.1-GCCcore-12.3.0/lib/../lib64/:/sw/arch/RHEL8/EB_production/2023/software/libpciaccess/0.17-GCCcore-12.3.0/lib/../lib64/:/sw/arch/RHEL8/EB_production/2023/software/libxml2/2.11.4-GCCcore-12.3.0/lib/../lib64/:/sw/arch/RHEL8/EB_production/2023/software/XZ/5.4.2-GCCcore-12.3.0/lib/../lib64/:/sw/arch/RHEL8/EB_production/2023/software/numactl/2.0.16-GCCcore-12.3.0/lib/../lib64/:/sw/arch/RHEL8/EB_production/2023/software/binutils/2.40-GCCcore-12.3.0/lib/../lib64/:/sw/arch/RHEL8/EB_production/2023/software/zlib/1.2.13-GCCcore-12.3.0/lib/../lib64/:/gpfs/admin/_hpc/sw/arch/AMD-ZEN2/RHEL8/EB_production/2023/software/GCCcore/12.3.0/bin/../lib/gcc/x86_64-pc-linux-gnu/12.3.0/../../../../lib64/:/lib/../lib64/:/usr/lib/../lib64/:/sw/arch/RHEL8/EB_production/2023/software/OpenMPI/4.1.5-GCC-12.3.0/lib/:/sw/arch/RHEL8/EB_production/2023/software/UCC/1.2.0-GCCcore-12.3.0/lib/:/sw/arch/RHEL8/EB_production/2023/software/libfabric/1.18.0-GCCcore-12.3.0/lib/:/sw/arch/RHEL8/EB_production/2023/software/UCX/1.14.1-GCCcore-12.3.0/lib/:/sw/arch/RHEL8/EB_production/2023/software/libevent/2.1.12-GCCcore-12.3.0/lib/:/sw/arch/RHEL8/EB_production/2022/software/OpenSSL/1.1/lib/:/sw/arch/RHEL8/EB_production/2023/software/hwloc/2.9.1-GCCcore-12.3.0/lib/:/sw/arch/RHEL8/EB_production/2023/software/libpciaccess/0.17-GCCcore-12.3.0/lib/:/sw/arch/RHEL8/EB_production/2023/software/libxml2/2.11.4-GCCcore-12.3.0/lib/:/sw/arch/RHEL8/EB_production/2023/software/XZ/5.4.2-GCCcore-12.3.0/lib/:/sw/arch/RHEL8/EB_production/2023/software/numactl/2.0.16-GCCcore-12.3.0/lib/:/sw/arch/RHEL8/EB_production/2023/software/binutils/2.40-GCCcore-12.3.0/lib/:/sw/arch/RHEL8/EB_production/2023/software/zlib/1.2.13-GCCcore-12.3.0/lib/:/gpfs/admin/_hpc/sw/arch/AMD-ZEN2/RHEL8/EB_production/2023/software/GCCcore/12.3.0/bin/../lib/gcc/x86_64-pc-linux-gnu/12.3.0/../../../:/lib/:/usr/lib/]
  ignore line: [COLLECT_GCC_OPTIONS='-v' '-O3' '-o' 'cmTC_b43d9' '-shared-libgcc' '-mtune=generic' '-march=x86-64' '-dumpdir' 'cmTC_b43d9.']
  link line: [ /gpfs/admin/_hpc/sw/arch/AMD-ZEN2/RHEL8/EB_production/2023/software/GCCcore/12.3.0/bin/../libexec/gcc/x86_64-pc-linux-gnu/12.3.0/collect2 -plugin /gpfs/admin/_hpc/sw/arch/AMD-ZEN2/RHEL8/EB_production/2023/software/GCCcore/12.3.0/bin/../libexec/gcc/x86_64-pc-linux-gnu/12.3.0/liblto_plugin.so -plugin-opt=/gpfs/admin/_hpc/sw/arch/AMD-ZEN2/RHEL8/EB_production/2023/software/GCCcore/12.3.0/bin/../libexec/gcc/x86_64-pc-linux-gnu/12.3.0/lto-wrapper -plugin-opt=-fresolution=/scratch-local/dniessink/ccDV3O2C.res -plugin-opt=-pass-through=-lgcc_s -plugin-opt=-pass-through=-lgcc -plugin-opt=-pass-through=-lquadmath -plugin-opt=-pass-through=-lm -plugin-opt=-pass-through=-lgcc_s -plugin-opt=-pass-through=-lgcc -plugin-opt=-pass-through=-lc -plugin-opt=-pass-through=-lgcc_s -plugin-opt=-pass-through=-lgcc --eh-frame-hdr -m elf_x86_64 -dynamic-linker /lib64/ld-linux-x86-64.so.2 -o cmTC_b43d9 /lib/../lib64/crt1.o /lib/../lib64/crti.o /gpfs/admin/_hpc/sw/arch/AMD-ZEN2/RHEL8/EB_production/2023/software/GCCcore/12.3.0/bin/../lib/gcc/x86_64-pc-linux-gnu/12.3.0/crtbegin.o -L/gpfs/admin/_hpc/sw/arch/AMD-ZEN2/RHEL8/EB_production/2023/software/GCCcore/12.3.0/bin/../lib/gcc/x86_64-pc-linux-gnu/12.3.0 -L/gpfs/admin/_hpc/sw/arch/AMD-ZEN2/RHEL8/EB_production/2023/software/GCCcore/12.3.0/bin/../lib/gcc -L/sw/arch/RHEL8/EB_production/2023/software/OpenMPI/4.1.5-GCC-12.3.0/lib/../lib64 -L/sw/arch/RHEL8/EB_production/2023/software/UCC/1.2.0-GCCcore-12.3.0/lib/../lib64 -L/sw/arch/RHEL8/EB_production/2023/software/libfabric/1.18.0-GCCcore-12.3.0/lib/../lib64 -L/sw/arch/RHEL8/EB_production/2023/software/UCX/1.14.1-GCCcore-12.3.0/lib/../lib64 -L/sw/arch/RHEL8/EB_production/2023/software/libevent/2.1.12-GCCcore-12.3.0/lib/../lib64 -L/sw/arch/RHEL8/EB_production/2022/software/OpenSSL/1.1/lib/../lib64 -L/sw/arch/RHEL8/EB_production/2023/software/hwloc/2.9.1-GCCcore-12.3.0/lib/../lib64 -L/sw/arch/RHEL8/EB_production/2023/software/libpciaccess/0.17-GCCcore-12.3.0/lib/../lib64 -L/sw/arch/RHEL8/EB_production/2023/software/libxml2/2.11.4-GCCcore-12.3.0/lib/../lib64 -L/sw/arch/RHEL8/EB_production/2023/software/XZ/5.4.2-GCCcore-12.3.0/lib/../lib64 -L/sw/arch/RHEL8/EB_production/2023/software/numactl/2.0.16-GCCcore-12.3.0/lib/../lib64 -L/sw/arch/RHEL8/EB_production/2023/software/binutils/2.40-GCCcore-12.3.0/lib/../lib64 -L/sw/arch/RHEL8/EB_production/2023/software/zlib/1.2.13-GCCcore-12.3.0/lib/../lib64 -L/gpfs/admin/_hpc/sw/arch/AMD-ZEN2/RHEL8/EB_production/2023/software/GCCcore/12.3.0/bin/../lib/gcc/x86_64-pc-linux-gnu/12.3.0/../../../../lib64 -L/lib/../lib64 -L/usr/lib/../lib64 -L/sw/arch/RHEL8/EB_production/2023/software/OpenMPI/4.1.5-GCC-12.3.0/lib -L/sw/arch/RHEL8/EB_production/2023/software/UCC/1.2.0-GCCcore-12.3.0/lib -L/sw/arch/RHEL8/EB_production/2023/software/libfabric/1.18.0-GCCcore-12.3.0/lib -L/sw/arch/RHEL8/EB_production/2023/software/UCX/1.14.1-GCCcore-12.3.0/lib -L/sw/arch/RHEL8/EB_production/2023/software/libevent/2.1.12-GCCcore-12.3.0/lib -L/sw/arch/RHEL8/EB_production/2022/software/OpenSSL/1.1/lib -L/sw/arch/RHEL8/EB_production/2023/software/hwloc/2.9.1-GCCcore-12.3.0/lib -L/sw/arch/RHEL8/EB_production/2023/software/libpciaccess/0.17-GCCcore-12.3.0/lib -L/sw/arch/RHEL8/EB_production/2023/software/libxml2/2.11.4-GCCcore-12.3.0/lib -L/sw/arch/RHEL8/EB_production/2023/software/XZ/5.4.2-GCCcore-12.3.0/lib -L/sw/arch/RHEL8/EB_production/2023/software/numactl/2.0.16-GCCcore-12.3.0/lib -L/sw/arch/RHEL8/EB_production/2023/software/binutils/2.40-GCCcore-12.3.0/lib -L/sw/arch/RHEL8/EB_production/2023/software/zlib/1.2.13-GCCcore-12.3.0/lib -L/gpfs/admin/_hpc/sw/arch/AMD-ZEN2/RHEL8/EB_production/2023/software/GCCcore/12.3.0/bin/../lib/gcc/x86_64-pc-linux-gnu/12.3.0/../../.. CMakeFiles/cmTC_b43d9.dir/CMakeFortranCompilerABI.F.o -lgfortran -lm -lgcc_s -lgcc -lquadmath -lm -lgcc_s -lgcc -lc -lgcc_s -lgcc /gpfs/admin/_hpc/sw/arch/AMD-ZEN2/RHEL8/EB_production/2023/software/GCCcore/12.3.0/bin/../lib/gcc/x86_64-pc-linux-gnu/12.3.0/crtend.o /lib/../lib64/crtn.o]
    arg [/gpfs/admin/_hpc/sw/arch/AMD-ZEN2/RHEL8/EB_production/2023/software/GCCcore/12.3.0/bin/../libexec/gcc/x86_64-pc-linux-gnu/12.3.0/collect2] ==> ignore
    arg [-plugin] ==> ignore
    arg [/gpfs/admin/_hpc/sw/arch/AMD-ZEN2/RHEL8/EB_production/2023/software/GCCcore/12.3.0/bin/../libexec/gcc/x86_64-pc-linux-gnu/12.3.0/liblto_plugin.so] ==> ignore
    arg [-plugin-opt=/gpfs/admin/_hpc/sw/arch/AMD-ZEN2/RHEL8/EB_production/2023/software/GCCcore/12.3.0/bin/../libexec/gcc/x86_64-pc-linux-gnu/12.3.0/lto-wrapper] ==> ignore
    arg [-plugin-opt=-fresolution=/scratch-local/dniessink/ccDV3O2C.res] ==> ignore
    arg [-plugin-opt=-pass-through=-lgcc_s] ==> ignore
    arg [-plugin-opt=-pass-through=-lgcc] ==> ignore
    arg [-plugin-opt=-pass-through=-lquadmath] ==> ignore
    arg [-plugin-opt=-pass-through=-lm] ==> ignore
    arg [-plugin-opt=-pass-through=-lgcc_s] ==> ignore
    arg [-plugin-opt=-pass-through=-lgcc] ==> ignore
    arg [-plugin-opt=-pass-through=-lc] ==> ignore
    arg [-plugin-opt=-pass-through=-lgcc_s] ==> ignore
    arg [-plugin-opt=-pass-through=-lgcc] ==> ignore
    arg [--eh-frame-hdr] ==> ignore
    arg [-m] ==> ignore
    arg [elf_x86_64] ==> ignore
    arg [-dynamic-linker] ==> ignore
    arg [/lib64/ld-linux-x86-64.so.2] ==> ignore
    arg [-o] ==> ignore
    arg [cmTC_b43d9] ==> ignore
    arg [/lib/../lib64/crt1.o] ==> obj [/lib/../lib64/crt1.o]
    arg [/lib/../lib64/crti.o] ==> obj [/lib/../lib64/crti.o]
    arg [/gpfs/admin/_hpc/sw/arch/AMD-ZEN2/RHEL8/EB_production/2023/software/GCCcore/12.3.0/bin/../lib/gcc/x86_64-pc-linux-gnu/12.3.0/crtbegin.o] ==> obj [/gpfs/admin/_hpc/sw/arch/AMD-ZEN2/RHEL8/EB_production/2023/software/GCCcore/12.3.0/bin/../lib/gcc/x86_64-pc-linux-gnu/12.3.0/crtbegin.o]
    arg [-L/gpfs/admin/_hpc/sw/arch/AMD-ZEN2/RHEL8/EB_production/2023/software/GCCcore/12.3.0/bin/../lib/gcc/x86_64-pc-linux-gnu/12.3.0] ==> dir [/gpfs/admin/_hpc/sw/arch/AMD-ZEN2/RHEL8/EB_production/2023/software/GCCcore/12.3.0/bin/../lib/gcc/x86_64-pc-linux-gnu/12.3.0]
    arg [-L/gpfs/admin/_hpc/sw/arch/AMD-ZEN2/RHEL8/EB_production/2023/software/GCCcore/12.3.0/bin/../lib/gcc] ==> dir [/gpfs/admin/_hpc/sw/arch/AMD-ZEN2/RHEL8/EB_production/2023/software/GCCcore/12.3.0/bin/../lib/gcc]
    arg [-L/sw/arch/RHEL8/EB_production/2023/software/OpenMPI/4.1.5-GCC-12.3.0/lib/../lib64] ==> dir [/sw/arch/RHEL8/EB_production/2023/software/OpenMPI/4.1.5-GCC-12.3.0/lib/../lib64]
    arg [-L/sw/arch/RHEL8/EB_production/2023/software/UCC/1.2.0-GCCcore-12.3.0/lib/../lib64] ==> dir [/sw/arch/RHEL8/EB_production/2023/software/UCC/1.2.0-GCCcore-12.3.0/lib/../lib64]
    arg [-L/sw/arch/RHEL8/EB_production/2023/software/libfabric/1.18.0-GCCcore-12.3.0/lib/../lib64] ==> dir [/sw/arch/RHEL8/EB_production/2023/software/libfabric/1.18.0-GCCcore-12.3.0/lib/../lib64]
    arg [-L/sw/arch/RHEL8/EB_production/2023/software/UCX/1.14.1-GCCcore-12.3.0/lib/../lib64] ==> dir [/sw/arch/RHEL8/EB_production/2023/software/UCX/1.14.1-GCCcore-12.3.0/lib/../lib64]
    arg [-L/sw/arch/RHEL8/EB_production/2023/software/libevent/2.1.12-GCCcore-12.3.0/lib/../lib64] ==> dir [/sw/arch/RHEL8/EB_production/2023/software/libevent/2.1.12-GCCcore-12.3.0/lib/../lib64]
    arg [-L/sw/arch/RHEL8/EB_production/2022/software/OpenSSL/1.1/lib/../lib64] ==> dir [/sw/arch/RHEL8/EB_production/2022/software/OpenSSL/1.1/lib/../lib64]
    arg [-L/sw/arch/RHEL8/EB_production/2023/software/hwloc/2.9.1-GCCcore-12.3.0/lib/../lib64] ==> dir [/sw/arch/RHEL8/EB_production/2023/software/hwloc/2.9.1-GCCcore-12.3.0/lib/../lib64]
    arg [-L/sw/arch/RHEL8/EB_production/2023/software/libpciaccess/0.17-GCCcore-12.3.0/lib/../lib64] ==> dir [/sw/arch/RHEL8/EB_production/2023/software/libpciaccess/0.17-GCCcore-12.3.0/lib/../lib64]
    arg [-L/sw/arch/RHEL8/EB_production/2023/software/libxml2/2.11.4-GCCcore-12.3.0/lib/../lib64] ==> dir [/sw/arch/RHEL8/EB_production/2023/software/libxml2/2.11.4-GCCcore-12.3.0/lib/../lib64]
    arg [-L/sw/arch/RHEL8/EB_production/2023/software/XZ/5.4.2-GCCcore-12.3.0/lib/../lib64] ==> dir [/sw/arch/RHEL8/EB_production/2023/software/XZ/5.4.2-GCCcore-12.3.0/lib/../lib64]
    arg [-L/sw/arch/RHEL8/EB_production/2023/software/numactl/2.0.16-GCCcore-12.3.0/lib/../lib64] ==> dir [/sw/arch/RHEL8/EB_production/2023/software/numactl/2.0.16-GCCcore-12.3.0/lib/../lib64]
    arg [-L/sw/arch/RHEL8/EB_production/2023/software/binutils/2.40-GCCcore-12.3.0/lib/../lib64] ==> dir [/sw/arch/RHEL8/EB_production/2023/software/binutils/2.40-GCCcore-12.3.0/lib/../lib64]
    arg [-L/sw/arch/RHEL8/EB_production/2023/software/zlib/1.2.13-GCCcore-12.3.0/lib/../lib64] ==> dir [/sw/arch/RHEL8/EB_production/2023/software/zlib/1.2.13-GCCcore-12.3.0/lib/../lib64]
    arg [-L/gpfs/admin/_hpc/sw/arch/AMD-ZEN2/RHEL8/EB_production/2023/software/GCCcore/12.3.0/bin/../lib/gcc/x86_64-pc-linux-gnu/12.3.0/../../../../lib64] ==> dir [/gpfs/admin/_hpc/sw/arch/AMD-ZEN2/RHEL8/EB_production/2023/software/GCCcore/12.3.0/bin/../lib/gcc/x86_64-pc-linux-gnu/12.3.0/../../../../lib64]
    arg [-L/lib/../lib64] ==> dir [/lib/../lib64]
    arg [-L/usr/lib/../lib64] ==> dir [/usr/lib/../lib64]
    arg [-L/sw/arch/RHEL8/EB_production/2023/software/OpenMPI/4.1.5-GCC-12.3.0/lib] ==> dir [/sw/arch/RHEL8/EB_production/2023/software/OpenMPI/4.1.5-GCC-12.3.0/lib]
    arg [-L/sw/arch/RHEL8/EB_production/2023/software/UCC/1.2.0-GCCcore-12.3.0/lib] ==> dir [/sw/arch/RHEL8/EB_production/2023/software/UCC/1.2.0-GCCcore-12.3.0/lib]
    arg [-L/sw/arch/RHEL8/EB_production/2023/software/libfabric/1.18.0-GCCcore-12.3.0/lib] ==> dir [/sw/arch/RHEL8/EB_production/2023/software/libfabric/1.18.0-GCCcore-12.3.0/lib]
    arg [-L/sw/arch/RHEL8/EB_production/2023/software/UCX/1.14.1-GCCcore-12.3.0/lib] ==> dir [/sw/arch/RHEL8/EB_production/2023/software/UCX/1.14.1-GCCcore-12.3.0/lib]
    arg [-L/sw/arch/RHEL8/EB_production/2023/software/libevent/2.1.12-GCCcore-12.3.0/lib] ==> dir [/sw/arch/RHEL8/EB_production/2023/software/libevent/2.1.12-GCCcore-12.3.0/lib]
    arg [-L/sw/arch/RHEL8/EB_production/2022/software/OpenSSL/1.1/lib] ==> dir [/sw/arch/RHEL8/EB_production/2022/software/OpenSSL/1.1/lib]
    arg [-L/sw/arch/RHEL8/EB_production/2023/software/hwloc/2.9.1-GCCcore-12.3.0/lib] ==> dir [/sw/arch/RHEL8/EB_production/2023/software/hwloc/2.9.1-GCCcore-12.3.0/lib]
    arg [-L/sw/arch/RHEL8/EB_production/2023/software/libpciaccess/0.17-GCCcore-12.3.0/lib] ==> dir [/sw/arch/RHEL8/EB_production/2023/software/libpciaccess/0.17-GCCcore-12.3.0/lib]
    arg [-L/sw/arch/RHEL8/EB_production/2023/software/libxml2/2.11.4-GCCcore-12.3.0/lib] ==> dir [/sw/arch/RHEL8/EB_production/2023/software/libxml2/2.11.4-GCCcore-12.3.0/lib]
    arg [-L/sw/arch/RHEL8/EB_production/2023/software/XZ/5.4.2-GCCcore-12.3.0/lib] ==> dir [/sw/arch/RHEL8/EB_production/2023/software/XZ/5.4.2-GCCcore-12.3.0/lib]
    arg [-L/sw/arch/RHEL8/EB_production/2023/software/numactl/2.0.16-GCCcore-12.3.0/lib] ==> dir [/sw/arch/RHEL8/EB_production/2023/software/numactl/2.0.16-GCCcore-12.3.0/lib]
    arg [-L/sw/arch/RHEL8/EB_production/2023/software/binutils/2.40-GCCcore-12.3.0/lib] ==> dir [/sw/arch/RHEL8/EB_production/2023/software/binutils/2.40-GCCcore-12.3.0/lib]
    arg [-L/sw/arch/RHEL8/EB_production/2023/software/zlib/1.2.13-GCCcore-12.3.0/lib] ==> dir [/sw/arch/RHEL8/EB_production/2023/software/zlib/1.2.13-GCCcore-12.3.0/lib]
    arg [-L/gpfs/admin/_hpc/sw/arch/AMD-ZEN2/RHEL8/EB_production/2023/software/GCCcore/12.3.0/bin/../lib/gcc/x86_64-pc-linux-gnu/12.3.0/../../..] ==> dir [/gpfs/admin/_hpc/sw/arch/AMD-ZEN2/RHEL8/EB_production/2023/software/GCCcore/12.3.0/bin/../lib/gcc/x86_64-pc-linux-gnu/12.3.0/../../..]
    arg [CMakeFiles/cmTC_b43d9.dir/CMakeFortranCompilerABI.F.o] ==> ignore
    arg [-lgfortran] ==> lib [gfortran]
    arg [-lm] ==> lib [m]
    arg [-lgcc_s] ==> lib [gcc_s]
    arg [-lgcc] ==> lib [gcc]
    arg [-lquadmath] ==> lib [quadmath]
    arg [-lm] ==> lib [m]
    arg [-lgcc_s] ==> lib [gcc_s]
    arg [-lgcc] ==> lib [gcc]
    arg [-lc] ==> lib [c]
    arg [-lgcc_s] ==> lib [gcc_s]
    arg [-lgcc] ==> lib [gcc]
    arg [/gpfs/admin/_hpc/sw/arch/AMD-ZEN2/RHEL8/EB_production/2023/software/GCCcore/12.3.0/bin/../lib/gcc/x86_64-pc-linux-gnu/12.3.0/crtend.o] ==> obj [/gpfs/admin/_hpc/sw/arch/AMD-ZEN2/RHEL8/EB_production/2023/software/GCCcore/12.3.0/bin/../lib/gcc/x86_64-pc-linux-gnu/12.3.0/crtend.o]
    arg [/lib/../lib64/crtn.o] ==> obj [/lib/../lib64/crtn.o]
  collapse obj [/lib/../lib64/crt1.o] ==> [/lib64/crt1.o]
  collapse obj [/lib/../lib64/crti.o] ==> [/lib64/crti.o]
  collapse obj [/gpfs/admin/_hpc/sw/arch/AMD-ZEN2/RHEL8/EB_production/2023/software/GCCcore/12.3.0/bin/../lib/gcc/x86_64-pc-linux-gnu/12.3.0/crtbegin.o] ==> [/gpfs/admin/_hpc/sw/arch/AMD-ZEN2/RHEL8/EB_production/2023/software/GCCcore/12.3.0/lib/gcc/x86_64-pc-linux-gnu/12.3.0/crtbegin.o]
  collapse obj [/gpfs/admin/_hpc/sw/arch/AMD-ZEN2/RHEL8/EB_production/2023/software/GCCcore/12.3.0/bin/../lib/gcc/x86_64-pc-linux-gnu/12.3.0/crtend.o] ==> [/gpfs/admin/_hpc/sw/arch/AMD-ZEN2/RHEL8/EB_production/2023/software/GCCcore/12.3.0/lib/gcc/x86_64-pc-linux-gnu/12.3.0/crtend.o]
  collapse obj [/lib/../lib64/crtn.o] ==> [/lib64/crtn.o]
  collapse library dir [/gpfs/admin/_hpc/sw/arch/AMD-ZEN2/RHEL8/EB_production/2023/software/GCCcore/12.3.0/bin/../lib/gcc/x86_64-pc-linux-gnu/12.3.0] ==> [/gpfs/admin/_hpc/sw/arch/AMD-ZEN2/RHEL8/EB_production/2023/software/GCCcore/12.3.0/lib/gcc/x86_64-pc-linux-gnu/12.3.0]
  collapse library dir [/gpfs/admin/_hpc/sw/arch/AMD-ZEN2/RHEL8/EB_production/2023/software/GCCcore/12.3.0/bin/../lib/gcc] ==> [/gpfs/admin/_hpc/sw/arch/AMD-ZEN2/RHEL8/EB_production/2023/software/GCCcore/12.3.0/lib/gcc]
  collapse library dir [/sw/arch/RHEL8/EB_production/2023/software/OpenMPI/4.1.5-GCC-12.3.0/lib/../lib64] ==> [/sw/arch/RHEL8/EB_production/2023/software/OpenMPI/4.1.5-GCC-12.3.0/lib64]
  collapse library dir [/sw/arch/RHEL8/EB_production/2023/software/UCC/1.2.0-GCCcore-12.3.0/lib/../lib64] ==> [/sw/arch/RHEL8/EB_production/2023/software/UCC/1.2.0-GCCcore-12.3.0/lib64]
  collapse library dir [/sw/arch/RHEL8/EB_production/2023/software/libfabric/1.18.0-GCCcore-12.3.0/lib/../lib64] ==> [/sw/arch/RHEL8/EB_production/2023/software/libfabric/1.18.0-GCCcore-12.3.0/lib64]
  collapse library dir [/sw/arch/RHEL8/EB_production/2023/software/UCX/1.14.1-GCCcore-12.3.0/lib/../lib64] ==> [/sw/arch/RHEL8/EB_production/2023/software/UCX/1.14.1-GCCcore-12.3.0/lib64]
  collapse library dir [/sw/arch/RHEL8/EB_production/2023/software/libevent/2.1.12-GCCcore-12.3.0/lib/../lib64] ==> [/sw/arch/RHEL8/EB_production/2023/software/libevent/2.1.12-GCCcore-12.3.0/lib64]
  collapse library dir [/sw/arch/RHEL8/EB_production/2022/software/OpenSSL/1.1/lib/../lib64] ==> [/sw/arch/RHEL8/EB_production/2022/software/OpenSSL/1.1/lib64]
  collapse library dir [/sw/arch/RHEL8/EB_production/2023/software/hwloc/2.9.1-GCCcore-12.3.0/lib/../lib64] ==> [/sw/arch/RHEL8/EB_production/2023/software/hwloc/2.9.1-GCCcore-12.3.0/lib64]
  collapse library dir [/sw/arch/RHEL8/EB_production/2023/software/libpciaccess/0.17-GCCcore-12.3.0/lib/../lib64] ==> [/sw/arch/RHEL8/EB_production/2023/software/libpciaccess/0.17-GCCcore-12.3.0/lib64]
  collapse library dir [/sw/arch/RHEL8/EB_production/2023/software/libxml2/2.11.4-GCCcore-12.3.0/lib/../lib64] ==> [/sw/arch/RHEL8/EB_production/2023/software/libxml2/2.11.4-GCCcore-12.3.0/lib64]
  collapse library dir [/sw/arch/RHEL8/EB_production/2023/software/XZ/5.4.2-GCCcore-12.3.0/lib/../lib64] ==> [/sw/arch/RHEL8/EB_production/2023/software/XZ/5.4.2-GCCcore-12.3.0/lib64]
  collapse library dir [/sw/arch/RHEL8/EB_production/2023/software/numactl/2.0.16-GCCcore-12.3.0/lib/../lib64] ==> [/sw/arch/RHEL8/EB_production/2023/software/numactl/2.0.16-GCCcore-12.3.0/lib64]
  collapse library dir [/sw/arch/RHEL8/EB_production/2023/software/binutils/2.40-GCCcore-12.3.0/lib/../lib64] ==> [/sw/arch/RHEL8/EB_production/2023/software/binutils/2.40-GCCcore-12.3.0/lib64]
  collapse library dir [/sw/arch/RHEL8/EB_production/2023/software/zlib/1.2.13-GCCcore-12.3.0/lib/../lib64] ==> [/sw/arch/RHEL8/EB_production/2023/software/zlib/1.2.13-GCCcore-12.3.0/lib64]
  collapse library dir [/gpfs/admin/_hpc/sw/arch/AMD-ZEN2/RHEL8/EB_production/2023/software/GCCcore/12.3.0/bin/../lib/gcc/x86_64-pc-linux-gnu/12.3.0/../../../../lib64] ==> [/gpfs/admin/_hpc/sw/arch/AMD-ZEN2/RHEL8/EB_production/2023/software/GCCcore/12.3.0/lib64]
  collapse library dir [/lib/../lib64] ==> [/lib64]
  collapse library dir [/usr/lib/../lib64] ==> [/usr/lib64]
  collapse library dir [/sw/arch/RHEL8/EB_production/2023/software/OpenMPI/4.1.5-GCC-12.3.0/lib] ==> [/sw/arch/RHEL8/EB_production/2023/software/OpenMPI/4.1.5-GCC-12.3.0/lib]
  collapse library dir [/sw/arch/RHEL8/EB_production/2023/software/UCC/1.2.0-GCCcore-12.3.0/lib] ==> [/sw/arch/RHEL8/EB_production/2023/software/UCC/1.2.0-GCCcore-12.3.0/lib]
  collapse library dir [/sw/arch/RHEL8/EB_production/2023/software/libfabric/1.18.0-GCCcore-12.3.0/lib] ==> [/sw/arch/RHEL8/EB_production/2023/software/libfabric/1.18.0-GCCcore-12.3.0/lib]
  collapse library dir [/sw/arch/RHEL8/EB_production/2023/software/UCX/1.14.1-GCCcore-12.3.0/lib] ==> [/sw/arch/RHEL8/EB_production/2023/software/UCX/1.14.1-GCCcore-12.3.0/lib]
  collapse library dir [/sw/arch/RHEL8/EB_production/2023/software/libevent/2.1.12-GCCcore-12.3.0/lib] ==> [/sw/arch/RHEL8/EB_production/2023/software/libevent/2.1.12-GCCcore-12.3.0/lib]
  collapse library dir [/sw/arch/RHEL8/EB_production/2022/software/OpenSSL/1.1/lib] ==> [/sw/arch/RHEL8/EB_production/2022/software/OpenSSL/1.1/lib]
  collapse library dir [/sw/arch/RHEL8/EB_production/2023/software/hwloc/2.9.1-GCCcore-12.3.0/lib] ==> [/sw/arch/RHEL8/EB_production/2023/software/hwloc/2.9.1-GCCcore-12.3.0/lib]
  collapse library dir [/sw/arch/RHEL8/EB_production/2023/software/libpciaccess/0.17-GCCcore-12.3.0/lib] ==> [/sw/arch/RHEL8/EB_production/2023/software/libpciaccess/0.17-GCCcore-12.3.0/lib]
  collapse library dir [/sw/arch/RHEL8/EB_production/2023/software/libxml2/2.11.4-GCCcore-12.3.0/lib] ==> [/sw/arch/RHEL8/EB_production/2023/software/libxml2/2.11.4-GCCcore-12.3.0/lib]
  collapse library dir [/sw/arch/RHEL8/EB_production/2023/software/XZ/5.4.2-GCCcore-12.3.0/lib] ==> [/sw/arch/RHEL8/EB_production/2023/software/XZ/5.4.2-GCCcore-12.3.0/lib]
  collapse library dir [/sw/arch/RHEL8/EB_production/2023/software/numactl/2.0.16-GCCcore-12.3.0/lib] ==> [/sw/arch/RHEL8/EB_production/2023/software/numactl/2.0.16-GCCcore-12.3.0/lib]
  collapse library dir [/sw/arch/RHEL8/EB_production/2023/software/binutils/2.40-GCCcore-12.3.0/lib] ==> [/sw/arch/RHEL8/EB_production/2023/software/binutils/2.40-GCCcore-12.3.0/lib]
  collapse library dir [/sw/arch/RHEL8/EB_production/2023/software/zlib/1.2.13-GCCcore-12.3.0/lib] ==> [/sw/arch/RHEL8/EB_production/2023/software/zlib/1.2.13-GCCcore-12.3.0/lib]
  collapse library dir [/gpfs/admin/_hpc/sw/arch/AMD-ZEN2/RHEL8/EB_production/2023/software/GCCcore/12.3.0/bin/../lib/gcc/x86_64-pc-linux-gnu/12.3.0/../../..] ==> [/gpfs/admin/_hpc/sw/arch/AMD-ZEN2/RHEL8/EB_production/2023/software/GCCcore/12.3.0/lib]
  implicit libs: [gfortran;m;gcc_s;gcc;quadmath;m;gcc_s;gcc;c;gcc_s;gcc]
  implicit objs: [/lib64/crt1.o;/lib64/crti.o;/gpfs/admin/_hpc/sw/arch/AMD-ZEN2/RHEL8/EB_production/2023/software/GCCcore/12.3.0/lib/gcc/x86_64-pc-linux-gnu/12.3.0/crtbegin.o;/gpfs/admin/_hpc/sw/arch/AMD-ZEN2/RHEL8/EB_production/2023/software/GCCcore/12.3.0/lib/gcc/x86_64-pc-linux-gnu/12.3.0/crtend.o;/lib64/crtn.o]
  implicit dirs: [/gpfs/admin/_hpc/sw/arch/AMD-ZEN2/RHEL8/EB_production/2023/software/GCCcore/12.3.0/lib/gcc/x86_64-pc-linux-gnu/12.3.0;/gpfs/admin/_hpc/sw/arch/AMD-ZEN2/RHEL8/EB_production/2023/software/GCCcore/12.3.0/lib/gcc;/sw/arch/RHEL8/EB_production/2023/software/OpenMPI/4.1.5-GCC-12.3.0/lib64;/sw/arch/RHEL8/EB_production/2023/software/UCC/1.2.0-GCCcore-12.3.0/lib64;/sw/arch/RHEL8/EB_production/2023/software/libfabric/1.18.0-GCCcore-12.3.0/lib64;/sw/arch/RHEL8/EB_production/2023/software/UCX/1.14.1-GCCcore-12.3.0/lib64;/sw/arch/RHEL8/EB_production/2023/software/libevent/2.1.12-GCCcore-12.3.0/lib64;/sw/arch/RHEL8/EB_production/2022/software/OpenSSL/1.1/lib64;/sw/arch/RHEL8/EB_production/2023/software/hwloc/2.9.1-GCCcore-12.3.0/lib64;/sw/arch/RHEL8/EB_production/2023/software/libpciaccess/0.17-GCCcore-12.3.0/lib64;/sw/arch/RHEL8/EB_production/2023/software/libxml2/2.11.4-GCCcore-12.3.0/lib64;/sw/arch/RHEL8/EB_production/2023/software/XZ/5.4.2-GCCcore-12.3.0/lib64;/sw/arch/RHEL8/EB_production/2023/software/numactl/2.0.16-GCCcore-12.3.0/lib64;/sw/arch/RHEL8/EB_production/2023/software/binutils/2.40-GCCcore-12.3.0/lib64;/sw/arch/RHEL8/EB_production/2023/software/zlib/1.2.13-GCCcore-12.3.0/lib64;/gpfs/admin/_hpc/sw/arch/AMD-ZEN2/RHEL8/EB_production/2023/software/GCCcore/12.3.0/lib64;/lib64;/usr/lib64;/sw/arch/RHEL8/EB_production/2023/software/OpenMPI/4.1.5-GCC-12.3.0/lib;/sw/arch/RHEL8/EB_production/2023/software/UCC/1.2.0-GCCcore-12.3.0/lib;/sw/arch/RHEL8/EB_production/2023/software/libfabric/1.18.0-GCCcore-12.3.0/lib;/sw/arch/RHEL8/EB_production/2023/software/UCX/1.14.1-GCCcore-12.3.0/lib;/sw/arch/RHEL8/EB_production/2023/software/libevent/2.1.12-GCCcore-12.3.0/lib;/sw/arch/RHEL8/EB_production/2022/software/OpenSSL/1.1/lib;/sw/arch/RHEL8/EB_production/2023/software/hwloc/2.9.1-GCCcore-12.3.0/lib;/sw/arch/RHEL8/EB_production/2023/software/libpciaccess/0.17-GCCcore-12.3.0/lib;/sw/arch/RHEL8/EB_production/2023/software/libxml2/2.11.4-GCCcore-12.3.0/lib;/sw/arch/RHEL8/EB_production/2023/software/XZ/5.4.2-GCCcore-12.3.0/lib;/sw/arch/RHEL8/EB_production/2023/software/numactl/2.0.16-GCCcore-12.3.0/lib;/sw/arch/RHEL8/EB_production/2023/software/binutils/2.40-GCCcore-12.3.0/lib;/sw/arch/RHEL8/EB_production/2023/software/zlib/1.2.13-GCCcore-12.3.0/lib;/gpfs/admin/_hpc/sw/arch/AMD-ZEN2/RHEL8/EB_production/2023/software/GCCcore/12.3.0/lib]
  implicit fwks: []


Determining if the Fortran compiler supports Fortran 90 passed with the following output:
Change Dir: /home/dniessink/garnets/dl-poly-5.1.0/build-serial/CMakeFiles/CMakeTmp

Run Build Command(s):/usr/bin/gmake -f Makefile cmTC_ad9b3/fast && /usr/bin/gmake  -f CMakeFiles/cmTC_ad9b3.dir/build.make CMakeFiles/cmTC_ad9b3.dir/build
gmake[1]: Entering directory '/gpfs/home1/dniessink/garnets/dl-poly-5.1.0/build-serial/CMakeFiles/CMakeTmp'
Building Fortran object CMakeFiles/cmTC_ad9b3.dir/testFortranCompilerF90.f90.o
/sw/arch/RHEL8/EB_production/2023/software/GCCcore/12.3.0/bin/f95   -O3  -c /home/dniessink/garnets/dl-poly-5.1.0/build-serial/CMakeFiles/CMakeTmp/testFortranCompilerF90.f90 -o CMakeFiles/cmTC_ad9b3.dir/testFortranCompilerF90.f90.o
Linking Fortran executable cmTC_ad9b3
/usr/bin/cmake -E cmake_link_script CMakeFiles/cmTC_ad9b3.dir/link.txt --verbose=1
/sw/arch/RHEL8/EB_production/2023/software/GCCcore/12.3.0/bin/f95 -O3  CMakeFiles/cmTC_ad9b3.dir/testFortranCompilerF90.f90.o -o cmTC_ad9b3 
gmake[1]: Leaving directory '/gpfs/home1/dniessink/garnets/dl-poly-5.1.0/build-serial/CMakeFiles/CMakeTmp'



